Log file open, 04/17/25 19:48:16
LogWindows: Failed to load 'aqProf.dll' (GetLastError=126)
LogWindows: File 'aqProf.dll' does not exist
LogWindows: Failed to load 'VtuneApi.dll' (GetLastError=126)
LogWindows: File 'VtuneApi.dll' does not exist
LogWindows: Failed to load 'VtuneApi32e.dll' (GetLastError=126)
LogWindows: File 'VtuneApi32e.dll' does not exist
LogConsoleResponse: Display: Failed to find resolution value strings in scalability ini. Falling back to default.
LogConsoleResponse: Display: Failed to find resolution value strings in scalability ini. Falling back to default.
LogInit: Display: Running engine for game: Zhanqi
LogPlatformFile: Not using cached read wrapper
LogTaskGraph: Started task graph with 5 named threads and 47 total threads with 3 sets of task threads.
LogStats: Stats thread started at 0.360855
LogICUInternationalization: ICU TimeZone Detection - Raw Offset: +8:00, Platform Override: ''
LogInit: Display: Loading text-based GConfig....
LogPluginManager: Mounting plugin MeshPainting
LogPluginManager: Mounting plugin XGEController
LogPluginManager: Mounting plugin Paper2D
LogPluginManager: Mounting plugin AISupport
LogPluginManager: Mounting plugin EnvironmentQueryEditor
LogPluginManager: Mounting plugin LiveLink
LogPluginManager: Mounting plugin OodleNetwork
LogPluginManager: Mounting plugin OodleData
LogPluginManager: Mounting plugin AnimationSharing
LogPluginManager: Mounting plugin CLionSourceCodeAccess
LogPluginManager: Mounting plugin CodeLiteSourceCodeAccess
LogPluginManager: Mounting plugin GitSourceControl
LogPluginManager: Mounting plugin NullSourceCodeAccess
LogPluginManager: Mounting plugin KDevelopSourceCodeAccess
LogPluginManager: Mounting plugin PixWinPlugin
LogPluginManager: Mounting plugin PlasticSourceControl
LogPluginManager: Mounting plugin PerforceSourceControl
LogPluginManager: Mounting plugin PropertyAccessNode
LogPluginManager: Mounting plugin PluginUtils
LogPluginManager: Mounting plugin RiderSourceCodeAccess
LogPluginManager: Mounting plugin SubversionSourceControl
LogPluginManager: Mounting plugin TextureFormatOodle
LogPluginManager: Mounting plugin UObjectPlugin
LogPluginManager: Mounting plugin VisualStudioCodeSourceCodeAccess
LogPluginManager: Mounting plugin XCodeSourceCodeAccess
LogPluginManager: Mounting plugin VisualStudioSourceCodeAccess
LogPluginManager: Mounting plugin AssetManagerEditor
LogPluginManager: Mounting plugin DatasmithContent
LogPluginManager: Mounting plugin CryptoKeys
LogPluginManager: Mounting plugin CurveEditorTools
LogPluginManager: Mounting plugin DataValidation
LogPluginManager: Mounting plugin VariantManagerContent
LogPluginManager: Mounting plugin Niagara
LogPluginManager: Mounting plugin FacialAnimation
LogPluginManager: Mounting plugin AlembicImporter
LogPluginManager: Mounting plugin GameplayTagsEditor
LogPluginManager: Mounting plugin GeometryMode
LogPluginManager: Mounting plugin MacGraphicsSwitching
LogPluginManager: Mounting plugin MaterialAnalyzer
LogPluginManager: Mounting plugin PluginBrowser
LogPluginManager: Mounting plugin MobileLauncherProfileWizard
LogPluginManager: Mounting plugin SpeedTreeImporter
LogPluginManager: Mounting plugin BackChannel
LogPluginManager: Mounting plugin AutomationUtils
LogPluginManager: Mounting plugin ChaosCloth
LogPluginManager: Mounting plugin ChaosClothEditor
LogPluginManager: Mounting plugin ChaosEditor
LogPluginManager: Mounting plugin ChaosSolverPlugin
LogPluginManager: Mounting plugin ChaosNiagara
LogPluginManager: Mounting plugin CharacterAI
LogPluginManager: Mounting plugin GeometryCache
LogPluginManager: Mounting plugin GeometryCollectionPlugin
LogPluginManager: Mounting plugin GeometryProcessing
LogPluginManager: Mounting plugin MotoSynth
LogPluginManager: Mounting plugin OpenImageDenoise
LogPluginManager: Mounting plugin PlanarCut
LogPluginManager: Mounting plugin PlatformCrypto
LogPluginManager: Mounting plugin ProxyLODPlugin
LogPluginManager: Mounting plugin PythonScriptPlugin
LogPluginManager: Mounting plugin SkeletalReduction
LogPluginManager: Mounting plugin AndroidMedia
LogPluginManager: Mounting plugin AvfMedia
LogPluginManager: Mounting plugin ImgMedia
LogPluginManager: Mounting plugin MediaCompositing
LogPluginManager: Mounting plugin LuminPlatformFeatures
LogPluginManager: Mounting plugin MediaPlayerEditor
LogPluginManager: Mounting plugin MagicLeap
LogPluginManager: Mounting plugin WmfMedia
LogPluginManager: Mounting plugin WebMMedia
LogPluginManager: Mounting plugin MagicLeapLightEstimation
LogPluginManager: Mounting plugin ActorSequence
LogPluginManager: Mounting plugin MagicLeapMedia
LogPluginManager: Mounting plugin LevelSequenceEditor
LogPluginManager: Mounting plugin MagicLeapPassableWorld
LogPluginManager: Mounting plugin MLSDK
LogPluginManager: Mounting plugin MatineeToLevelSequence
LogPluginManager: Mounting plugin LauncherChunkInstaller
LogPluginManager: Mounting plugin TemplateSequence
LogPluginManager: Mounting plugin TcpMessaging
LogPluginManager: Mounting plugin UdpMessaging
LogPluginManager: Mounting plugin OnlineSubsystem
LogPluginManager: Mounting plugin ActorLayerUtilities
LogPluginManager: Mounting plugin OnlineSubsystemNull
LogPluginManager: Mounting plugin OnlineSubsystemUtils
LogPluginManager: Mounting plugin AndroidPermission
LogPluginManager: Mounting plugin AndroidDeviceProfileSelector
LogPluginManager: Mounting plugin AndroidMoviePlayer
LogPluginManager: Mounting plugin AppleImageUtils
LogPluginManager: Mounting plugin AppleMoviePlayer
LogPluginManager: Mounting plugin AssetTags
LogPluginManager: Mounting plugin ArchVisCharacter
LogPluginManager: Mounting plugin AudioCapture
LogPluginManager: Mounting plugin AudioSynesthesia
LogPluginManager: Mounting plugin CableComponent
LogPluginManager: Mounting plugin ChunkDownloader
LogPluginManager: Mounting plugin CustomMeshComponent
LogPluginManager: Mounting plugin EditableMesh
LogPluginManager: Mounting plugin ExampleDeviceProfileSelector
LogPluginManager: Mounting plugin GooglePAD
LogPluginManager: Mounting plugin GoogleCloudMessaging
LogPluginManager: Mounting plugin IOSDeviceProfileSelector
LogPluginManager: Mounting plugin LinuxDeviceProfileSelector
LogPluginManager: Mounting plugin LocationServicesBPLibrary
LogPluginManager: Mounting plugin MobilePatchingUtils
LogPluginManager: Mounting plugin OpenXR
LogPluginManager: Mounting plugin OpenXREyeTracker
LogPluginManager: Mounting plugin OpenXRHandTracking
LogPluginManager: Mounting plugin PhysXVehicles
LogPluginManager: Mounting plugin PostSplashScreen
LogPluginManager: Mounting plugin ProceduralMeshComponent
LogPluginManager: Mounting plugin PropertyAccessEditor
LogPluginManager: Mounting plugin RuntimePhysXCooking
LogPluginManager: Mounting plugin SignificanceManager
LogPluginManager: Mounting plugin SoundFields
LogPluginManager: Mounting plugin Synthesis
LogPluginManager: Mounting plugin WebMMoviePlayer
LogPluginManager: Mounting plugin WindowsMoviePlayer
LogPluginManager: Mounting plugin LightPropagationVolume
LogPluginManager: Mounting plugin ScreenshotTools
LogPluginManager: Mounting plugin CameraShakePreviewer
LogPluginManager: Mounting plugin GameplayCameras
LogPluginManager: Mounting plugin Takes
LogPluginManager: Mounting plugin ContentBrowserClassDataSource
LogPluginManager: Mounting plugin ContentBrowserFileDataSource
LogPluginManager: Mounting plugin ContentBrowserAssetDataSource
LogPluginManager: Mounting plugin OnlineSubsystemGooglePlay
LogPluginManager: Mounting plugin OnlineSubsystemIOS
LogPluginManager: Mounting plugin OculusVR
LogPluginManager: Mounting plugin SteamVR
PixWinPlugin: PIX capture plugin failed to initialize! Check that the process is launched from PIX.
LogInit: Using libcurl 7.55.1-DEV
LogInit:  - built for x86_64-pc-win32
LogInit:  - supports SSL with OpenSSL/1.1.1
LogInit:  - supports HTTP deflate (compression) using libz 1.2.8
LogInit:  - other features:
LogInit:      CURL_VERSION_SSL
LogInit:      CURL_VERSION_LIBZ
LogInit:      CURL_VERSION_IPV6
LogInit:      CURL_VERSION_ASYNCHDNS
LogInit:      CURL_VERSION_LARGEFILE
LogInit:      CURL_VERSION_IDN
LogInit:  CurlRequestOptions (configurable via config and command line):
LogInit:  - bVerifyPeer = true  - Libcurl will verify peer certificate
LogInit:  - bUseHttpProxy = false  - Libcurl will NOT use HTTP proxy
LogInit:  - bDontReuseConnections = false  - Libcurl will reuse connections
LogInit:  - MaxHostConnections = 16  - Libcurl will limit the number of connections to a host
LogInit:  - LocalHostAddr = Default
LogInit:  - BufferSize = 65536
LogOnline: OSS: Creating online subsystem instance for: NULL
LogInit: WinSock: version 1.1 (2.2), MaxSocks=32767, MaxUdp=65467
LogOnline: OSS: TryLoadSubsystemAndSetDefault: Loaded subsystem for module [NULL]
LogOculusPluginWrapper: OculusPlugin initialized successfully
LogHMD: Failed initializing OVRPlugin 1.59.0
LogInit: Build: ++UE4+Release-4.27-CL-18319896
LogInit: Engine Version: 4.27.2-18319896+++UE4+Release-4.27
LogInit: Compatible Engine Version: 4.27.0-17155196+++UE4+Release-4.27
LogInit: Net CL: 17155196
LogInit: OS: Windows 10 (Release 2009) (), CPU: AMD Ryzen 7 6800H with Radeon Graphics         , GPU: AMD Radeon(TM) Graphics
LogInit: Compiled (64-bit): Nov 30 2021 07:12:08
LogInit: Compiled with Visual C++: 19.24.28315.00
LogInit: Build Configuration: Development
LogInit: Branch Name: ++UE4+Release-4.27
LogInit: Command Line: 
LogInit: Base Directory: D:/epic/UE_4.27/Engine/Binaries/Win64/
LogInit: Allocator: TBB
LogInit: Installed Engine Build: 1
LogDevObjectVersion: Number of dev versions registered: 29
LogDevObjectVersion:   Dev-Blueprints (B0D832E4-1F89-4F0D-ACCF-7EB736FD4AA2): 10
LogDevObjectVersion:   Dev-Build (E1C64328-A22C-4D53-A36C-8E866417BD8C): 0
LogDevObjectVersion:   Dev-Core (375EC13C-06E4-48FB-B500-84F0262A717E): 4
LogDevObjectVersion:   Dev-Editor (E4B068ED-F494-42E9-A231-DA0B2E46BB41): 40
LogDevObjectVersion:   Dev-Framework (CFFC743F-43B0-4480-9391-14DF171D2073): 37
LogDevObjectVersion:   Dev-Mobile (B02B49B5-BB20-44E9-A304-32B752E40360): 3
LogDevObjectVersion:   Dev-Networking (A4E4105C-59A1-49B5-A7C5-40C4547EDFEE): 0
LogDevObjectVersion:   Dev-Online (39C831C9-5AE6-47DC-9A44-9C173E1C8E7C): 0
LogDevObjectVersion:   Dev-Physics (78F01B33-EBEA-4F98-B9B4-84EACCB95AA2): 14
LogDevObjectVersion:   Dev-Platform (6631380F-2D4D-43E0-8009-CF276956A95A): 0
LogDevObjectVersion:   Dev-Rendering (12F88B9F-8875-4AFC-A67C-D90C383ABD29): 45
LogDevObjectVersion:   Dev-Sequencer (7B5AE74C-D270-4C10-A958-57980B212A5A): 13
LogDevObjectVersion:   Dev-VR (D7296918-1DD6-4BDD-9DE2-64A83CC13884): 3
LogDevObjectVersion:   Dev-LoadTimes (C2A15278-BFE7-4AFE-6C17-90FF531DF755): 1
LogDevObjectVersion:   Private-Geometry (6EACA3D4-40EC-4CC1-B786-8BED09428FC5): 3
LogDevObjectVersion:   Dev-AnimPhys (29E575DD-E0A3-4627-9D10-D276232CDCEA): 17
LogDevObjectVersion:   Dev-Anim (AF43A65D-7FD3-4947-9873-3E8ED9C1BB05): 15
LogDevObjectVersion:   Dev-ReflectionCapture (6B266CEC-1EC7-4B8F-A30B-E4D90942FC07): 1
LogDevObjectVersion:   Dev-Automation (0DF73D61-A23F-47EA-B727-89E90C41499A): 1
LogDevObjectVersion:   FortniteMain (601D1886-AC64-4F84-AA16-D3DE0DEAC7D6): 47
LogDevObjectVersion:   FortniteRelease (E7086368-6B23-4C58-8439-1B7016265E91): 1
LogDevObjectVersion:   Dev-Enterprise (9DFFBCD6-494F-0158-E221-12823C92A888): 10
LogDevObjectVersion:   Dev-Niagara (F2AED0AC-9AFE-416F-8664-AA7FFA26D6FC): 1
LogDevObjectVersion:   Dev-Destruction (174F1F0B-B4C6-45A5-B13F-2EE8D0FB917D): 10
LogDevObjectVersion:   Dev-Physics-Ext (35F94A83-E258-406C-A318-09F59610247C): 41
LogDevObjectVersion:   Dev-PhysicsMaterial-Chaos (B68FC16E-8B1B-42E2-B453-215C058844FE): 1
LogDevObjectVersion:   Dev-CineCamera (B2E18506-4273-CFC2-A54E-F4BB758BBA07): 1
LogDevObjectVersion:   Dev-VirtualProduction (64F58936-FD1B-42BA-BA96-7289D5D0FA4E): 1
LogDevObjectVersion:   Dev-MediaFramework (6F0ED827-A609-4895-9C91-998D90180EA4): 2
LogInit: Presizing for max 25165824 objects, including 0 objects not considered by GC, pre-allocating 0 bytes for permanent pool.
LogConfig: Applying CVar settings from Section [/Script/Engine.StreamingSettings] File [D:/ue/Zhanqi/Saved/Config/Windows/Engine.ini]
LogConfig: Setting CVar [[s.MinBulkDataSizeForAsyncLoading:131072]]
LogConfig: Setting CVar [[s.AsyncLoadingThreadEnabled:0]]
LogConfig: Setting CVar [[s.EventDrivenLoaderEnabled:1]]
LogConfig: Setting CVar [[s.WarnIfTimeLimitExceeded:0]]
LogConfig: Setting CVar [[s.TimeLimitExceededMultiplier:1.5]]
LogConfig: Setting CVar [[s.TimeLimitExceededMinTime:0.005]]
LogConfig: Setting CVar [[s.UseBackgroundLevelStreaming:1]]
LogConfig: Setting CVar [[s.PriorityAsyncLoadingExtraTime:15.0]]
LogConfig: Setting CVar [[s.LevelStreamingActorsUpdateTimeLimit:5.0]]
LogConfig: Setting CVar [[s.PriorityLevelStreamingActorsUpdateExtraTime:5.0]]
LogConfig: Setting CVar [[s.LevelStreamingComponentsRegistrationGranularity:10]]
LogConfig: Setting CVar [[s.UnregisterComponentsTimeLimit:1.0]]
LogConfig: Setting CVar [[s.LevelStreamingComponentsUnregistrationGranularity:5]]
LogConfig: Setting CVar [[s.FlushStreamingOnExit:1]]
LogInit: Object subsystem initialized
LogConfig: Setting CVar [[con.DebugEarlyDefault:1]]
LogConfig: Setting CVar [[r.setres:1280x720]]
[2025.04.17-11.48.17:328][  0]LogConfig: Setting CVar [[r.VSync:0]]
[2025.04.17-11.48.17:328][  0]LogConfig: Setting CVar [[r.RHICmdBypass:0]]
[2025.04.17-11.48.17:328][  0]LogConfig: Applying CVar settings from Section [/Script/Engine.RendererSettings] File [D:/ue/Zhanqi/Saved/Config/Windows/Engine.ini]
[2025.04.17-11.48.17:328][  0]LogConfig: Setting CVar [[r.GPUCrashDebugging:0]]
[2025.04.17-11.48.17:328][  0]LogConfig: Applying CVar settings from Section [/Script/Engine.RendererOverrideSettings] File [D:/ue/Zhanqi/Saved/Config/Windows/Engine.ini]
[2025.04.17-11.48.17:328][  0]LogConfig: Applying CVar settings from Section [/Script/Engine.StreamingSettings] File [D:/ue/Zhanqi/Saved/Config/Windows/Engine.ini]
[2025.04.17-11.48.17:328][  0]LogConfig: Setting CVar [[s.MinBulkDataSizeForAsyncLoading:131072]]
[2025.04.17-11.48.17:328][  0]LogConfig: Setting CVar [[s.AsyncLoadingThreadEnabled:0]]
[2025.04.17-11.48.17:328][  0]LogConfig: Setting CVar [[s.EventDrivenLoaderEnabled:1]]
[2025.04.17-11.48.17:328][  0]LogConfig: Setting CVar [[s.WarnIfTimeLimitExceeded:0]]
[2025.04.17-11.48.17:328][  0]LogConfig: Setting CVar [[s.TimeLimitExceededMultiplier:1.5]]
[2025.04.17-11.48.17:328][  0]LogConfig: Setting CVar [[s.TimeLimitExceededMinTime:0.005]]
[2025.04.17-11.48.17:328][  0]LogConfig: Setting CVar [[s.UseBackgroundLevelStreaming:1]]
[2025.04.17-11.48.17:328][  0]LogConfig: Setting CVar [[s.PriorityAsyncLoadingExtraTime:15.0]]
[2025.04.17-11.48.17:328][  0]LogConfig: Setting CVar [[s.LevelStreamingActorsUpdateTimeLimit:5.0]]
[2025.04.17-11.48.17:328][  0]LogConfig: Setting CVar [[s.PriorityLevelStreamingActorsUpdateExtraTime:5.0]]
[2025.04.17-11.48.17:328][  0]LogConfig: Setting CVar [[s.LevelStreamingComponentsRegistrationGranularity:10]]
[2025.04.17-11.48.17:328][  0]LogConfig: Setting CVar [[s.UnregisterComponentsTimeLimit:1.0]]
[2025.04.17-11.48.17:328][  0]LogConfig: Setting CVar [[s.LevelStreamingComponentsUnregistrationGranularity:5]]
[2025.04.17-11.48.17:328][  0]LogConfig: Setting CVar [[s.FlushStreamingOnExit:1]]
[2025.04.17-11.48.17:328][  0]LogConfig: Applying CVar settings from Section [/Script/Engine.GarbageCollectionSettings] File [D:/ue/Zhanqi/Saved/Config/Windows/Engine.ini]
[2025.04.17-11.48.17:328][  0]LogConfig: Setting CVar [[gc.MaxObjectsNotConsideredByGC:1]]
[2025.04.17-11.48.17:328][  0]LogConfig: Setting CVar [[gc.SizeOfPermanentObjectPool:0]]
[2025.04.17-11.48.17:328][  0]LogConfig: Setting CVar [[gc.FlushStreamingOnGC:0]]
[2025.04.17-11.48.17:328][  0]LogConfig: Setting CVar [[gc.NumRetriesBeforeForcingGC:10]]
[2025.04.17-11.48.17:328][  0]LogConfig: Setting CVar [[gc.AllowParallelGC:1]]
[2025.04.17-11.48.17:328][  0]LogConfig: Setting CVar [[gc.TimeBetweenPurgingPendingKillObjects:61.1]]
[2025.04.17-11.48.17:328][  0]LogConfig: Setting CVar [[gc.MaxObjectsInEditor:25165824]]
[2025.04.17-11.48.17:328][  0]LogConfig: Setting CVar [[gc.IncrementalBeginDestroyEnabled:1]]
[2025.04.17-11.48.17:328][  0]LogConfig: Setting CVar [[gc.CreateGCClusters:1]]
[2025.04.17-11.48.17:328][  0]LogConfig: Setting CVar [[gc.MinGCClusterSize:5]]
[2025.04.17-11.48.17:328][  0]LogConfig: Setting CVar [[gc.ActorClusteringEnabled:0]]
[2025.04.17-11.48.17:328][  0]LogConfig: Setting CVar [[gc.BlueprintClusteringEnabled:0]]
[2025.04.17-11.48.17:328][  0]LogConfig: Setting CVar [[gc.UseDisregardForGCOnDedicatedServers:0]]
[2025.04.17-11.48.17:328][  0]LogConfig: Setting CVar [[gc.MultithreadedDestructionEnabled:1]]
[2025.04.17-11.48.17:328][  0]LogConfig: Applying CVar settings from Section [/Script/Engine.NetworkSettings] File [D:/ue/Zhanqi/Saved/Config/Windows/Engine.ini]
[2025.04.17-11.48.17:328][  0]LogConfig: Applying CVar settings from Section [/Script/UnrealEd.CookerSettings] File [D:/ue/Zhanqi/Saved/Config/Windows/Engine.ini]
[2025.04.17-11.48.17:339][  0]LogConfig: Applying CVar settings from Section [ViewDistanceQuality@3] File [D:/ue/Zhanqi/Saved/Config/Windows/Scalability.ini]
[2025.04.17-11.48.17:339][  0]LogConfig: Setting CVar [[r.SkeletalMeshLODBias:0]]
[2025.04.17-11.48.17:339][  0]LogConfig: Setting CVar [[r.ViewDistanceScale:1.0]]
[2025.04.17-11.48.17:339][  0]LogConfig: Applying CVar settings from Section [AntiAliasingQuality@3] File [D:/ue/Zhanqi/Saved/Config/Windows/Scalability.ini]
[2025.04.17-11.48.17:339][  0]LogConfig: Setting CVar [[r.PostProcessAAQuality:4]]
[2025.04.17-11.48.17:339][  0]LogConfig: Applying CVar settings from Section [ShadowQuality@3] File [D:/ue/Zhanqi/Saved/Config/Windows/Scalability.ini]
[2025.04.17-11.48.17:339][  0]LogConfig: Setting CVar [[r.LightFunctionQuality:1]]
[2025.04.17-11.48.17:339][  0]LogConfig: Setting CVar [[r.ShadowQuality:5]]
[2025.04.17-11.48.17:339][  0]LogConfig: Setting CVar [[r.Shadow.CSM.MaxCascades:10]]
[2025.04.17-11.48.17:339][  0]LogConfig: Setting CVar [[r.Shadow.MaxResolution:2048]]
[2025.04.17-11.48.17:339][  0]LogConfig: Setting CVar [[r.Shadow.MaxCSMResolution:2048]]
[2025.04.17-11.48.17:339][  0]LogConfig: Setting CVar [[r.Shadow.RadiusThreshold:0.01]]
[2025.04.17-11.48.17:339][  0]LogConfig: Setting CVar [[r.Shadow.DistanceScale:1.0]]
[2025.04.17-11.48.17:339][  0]LogConfig: Setting CVar [[r.Shadow.CSM.TransitionScale:1.0]]
[2025.04.17-11.48.17:339][  0]LogConfig: Setting CVar [[r.Shadow.PreShadowResolutionFactor:1.0]]
[2025.04.17-11.48.17:339][  0]LogConfig: Setting CVar [[r.DistanceFieldShadowing:1]]
[2025.04.17-11.48.17:339][  0]LogConfig: Setting CVar [[r.DistanceFieldAO:1]]
[2025.04.17-11.48.17:339][  0]LogConfig: Setting CVar [[r.AOQuality:2]]
[2025.04.17-11.48.17:339][  0]LogConfig: Setting CVar [[r.VolumetricFog:1]]
[2025.04.17-11.48.17:339][  0]LogConfig: Setting CVar [[r.VolumetricFog.GridPixelSize:8]]
[2025.04.17-11.48.17:339][  0]LogConfig: Setting CVar [[r.VolumetricFog.GridSizeZ:128]]
[2025.04.17-11.48.17:339][  0]LogConfig: Setting CVar [[r.VolumetricFog.HistoryMissSupersampleCount:4]]
[2025.04.17-11.48.17:339][  0]LogConfig: Setting CVar [[r.LightMaxDrawDistanceScale:1]]
[2025.04.17-11.48.17:339][  0]LogConfig: Setting CVar [[r.CapsuleShadows:1]]
[2025.04.17-11.48.17:339][  0]LogConfig: Applying CVar settings from Section [PostProcessQuality@3] File [D:/ue/Zhanqi/Saved/Config/Windows/Scalability.ini]
[2025.04.17-11.48.17:339][  0]LogConfig: Setting CVar [[r.MotionBlurQuality:4]]
[2025.04.17-11.48.17:339][  0]LogConfig: Setting CVar [[r.AmbientOcclusionMipLevelFactor:0.4]]
[2025.04.17-11.48.17:339][  0]LogConfig: Setting CVar [[r.AmbientOcclusionMaxQuality:100]]
[2025.04.17-11.48.17:339][  0]LogConfig: Setting CVar [[r.AmbientOcclusionLevels:-1]]
[2025.04.17-11.48.17:339][  0]LogConfig: Setting CVar [[r.AmbientOcclusionRadiusScale:1.0]]
[2025.04.17-11.48.17:339][  0]LogConfig: Setting CVar [[r.DepthOfFieldQuality:2]]
[2025.04.17-11.48.17:339][  0]LogConfig: Setting CVar [[r.RenderTargetPoolMin:400]]
[2025.04.17-11.48.17:339][  0]LogConfig: Setting CVar [[r.LensFlareQuality:2]]
[2025.04.17-11.48.17:339][  0]LogConfig: Setting CVar [[r.SceneColorFringeQuality:1]]
[2025.04.17-11.48.17:339][  0]LogConfig: Setting CVar [[r.EyeAdaptationQuality:2]]
[2025.04.17-11.48.17:339][  0]LogConfig: Setting CVar [[r.BloomQuality:5]]
[2025.04.17-11.48.17:339][  0]LogConfig: Setting CVar [[r.FastBlurThreshold:100]]
[2025.04.17-11.48.17:339][  0]LogConfig: Setting CVar [[r.Upscale.Quality:3]]
[2025.04.17-11.48.17:339][  0]LogConfig: Setting CVar [[r.Tonemapper.GrainQuantization:1]]
[2025.04.17-11.48.17:339][  0]LogConfig: Setting CVar [[r.LightShaftQuality:1]]
[2025.04.17-11.48.17:339][  0]LogConfig: Setting CVar [[r.Filter.SizeScale:1]]
[2025.04.17-11.48.17:339][  0]LogConfig: Setting CVar [[r.Tonemapper.Quality:5]]
[2025.04.17-11.48.17:339][  0]LogConfig: Setting CVar [[r.DOF.Gather.AccumulatorQuality:1        ; higher gathering accumulator quality]]
[2025.04.17-11.48.17:339][  0]LogConfig: Setting CVar [[r.DOF.Gather.PostfilterMethod:1          ; Median3x3 postfilering method]]
[2025.04.17-11.48.17:339][  0]LogConfig: Setting CVar [[r.DOF.Gather.EnableBokehSettings:0       ; no bokeh simulation when gathering]]
[2025.04.17-11.48.17:339][  0]LogConfig: Setting CVar [[r.DOF.Gather.RingCount:4                 ; medium number of samples when gathering]]
[2025.04.17-11.48.17:339][  0]LogConfig: Setting CVar [[r.DOF.Scatter.ForegroundCompositing:1    ; additive foreground scattering]]
[2025.04.17-11.48.17:339][  0]LogConfig: Setting CVar [[r.DOF.Scatter.BackgroundCompositing:2    ; additive background scattering]]
[2025.04.17-11.48.17:339][  0]LogConfig: Setting CVar [[r.DOF.Scatter.EnableBokehSettings:1      ; bokeh simulation when scattering]]
[2025.04.17-11.48.17:339][  0]LogConfig: Setting CVar [[r.DOF.Scatter.MaxSpriteRatio:0.1         ; only a maximum of 10% of scattered bokeh]]
[2025.04.17-11.48.17:339][  0]LogConfig: Setting CVar [[r.DOF.Recombine.Quality:1                ; cheap slight out of focus]]
[2025.04.17-11.48.17:339][  0]LogConfig: Setting CVar [[r.DOF.Recombine.EnableBokehSettings:0    ; no bokeh simulation on slight out of focus]]
[2025.04.17-11.48.17:339][  0]LogConfig: Setting CVar [[r.DOF.TemporalAAQuality:1                ; more stable temporal accumulation]]
[2025.04.17-11.48.17:339][  0]LogConfig: Setting CVar [[r.DOF.Kernel.MaxForegroundRadius:0.025]]
[2025.04.17-11.48.17:339][  0]LogConfig: Setting CVar [[r.DOF.Kernel.MaxBackgroundRadius:0.025]]
[2025.04.17-11.48.17:339][  0]LogConfig: Applying CVar settings from Section [TextureQuality@3] File [D:/ue/Zhanqi/Saved/Config/Windows/Scalability.ini]
[2025.04.17-11.48.17:339][  0]LogConfig: Setting CVar [[r.Streaming.MipBias:0]]
[2025.04.17-11.48.17:339][  0]LogConfig: Setting CVar [[r.Streaming.AmortizeCPUToGPUCopy:0]]
[2025.04.17-11.48.17:339][  0]LogConfig: Setting CVar [[r.Streaming.MaxNumTexturesToStreamPerFrame:0]]
[2025.04.17-11.48.17:339][  0]LogConfig: Setting CVar [[r.Streaming.Boost:1]]
[2025.04.17-11.48.17:339][  0]LogConfig: Setting CVar [[r.MaxAnisotropy:8]]
[2025.04.17-11.48.17:339][  0]LogConfig: Setting CVar [[r.VT.MaxAnisotropy:8]]
[2025.04.17-11.48.17:339][  0]LogConfig: Setting CVar [[r.Streaming.LimitPoolSizeToVRAM:0]]
[2025.04.17-11.48.17:339][  0]LogConfig: Setting CVar [[r.Streaming.PoolSize:1000]]
[2025.04.17-11.48.17:339][  0]LogConfig: Setting CVar [[r.Streaming.MaxEffectiveScreenSize:0]]
[2025.04.17-11.48.17:339][  0]LogConfig: Applying CVar settings from Section [EffectsQuality@3] File [D:/ue/Zhanqi/Saved/Config/Windows/Scalability.ini]
[2025.04.17-11.48.17:339][  0]LogConfig: Setting CVar [[r.TranslucencyLightingVolumeDim:64]]
[2025.04.17-11.48.17:339][  0]LogConfig: Setting CVar [[r.RefractionQuality:2]]
[2025.04.17-11.48.17:339][  0]LogConfig: Setting CVar [[r.SSR.Quality:3]]
[2025.04.17-11.48.17:339][  0]LogConfig: Setting CVar [[r.SSR.HalfResSceneColor:0]]
[2025.04.17-11.48.17:339][  0]LogConfig: Setting CVar [[r.SceneColorFormat:4]]
[2025.04.17-11.48.17:339][  0]LogConfig: Setting CVar [[r.DetailMode:2]]
[2025.04.17-11.48.17:339][  0]LogConfig: Setting CVar [[r.TranslucencyVolumeBlur:1]]
[2025.04.17-11.48.17:339][  0]LogConfig: Setting CVar [[r.MaterialQualityLevel:1 ; High quality]]
[2025.04.17-11.48.17:339][  0]LogConfig: Setting CVar [[r.AnisotropicMaterials:1]]
[2025.04.17-11.48.17:339][  0]LogConfig: Setting CVar [[r.SSS.Scale:1]]
[2025.04.17-11.48.17:339][  0]LogConfig: Setting CVar [[r.SSS.SampleSet:2]]
[2025.04.17-11.48.17:339][  0]LogConfig: Setting CVar [[r.SSS.Quality:1]]
[2025.04.17-11.48.17:339][  0]LogConfig: Setting CVar [[r.SSS.HalfRes:0]]
[2025.04.17-11.48.17:339][  0]LogConfig: Setting CVar [[r.SSGI.Quality:3]]
[2025.04.17-11.48.17:339][  0]LogConfig: Setting CVar [[r.EmitterSpawnRateScale:1.0]]
[2025.04.17-11.48.17:339][  0]LogConfig: Setting CVar [[r.ParticleLightQuality:2]]
[2025.04.17-11.48.17:339][  0]LogConfig: Setting CVar [[r.SkyAtmosphere.AerialPerspectiveLUT.FastApplyOnOpaque:1 ; Always have FastSkyLUT 1 in this case to avoid wrong sky]]
[2025.04.17-11.48.17:339][  0]LogConfig: Setting CVar [[r.SkyAtmosphere.AerialPerspectiveLUT.SampleCountMaxPerSlice:4]]
[2025.04.17-11.48.17:340][  0]LogConfig: Setting CVar [[r.SkyAtmosphere.AerialPerspectiveLUT.DepthResolution:16.0]]
[2025.04.17-11.48.17:340][  0]LogConfig: Setting CVar [[r.SkyAtmosphere.FastSkyLUT:1]]
[2025.04.17-11.48.17:340][  0]LogConfig: Setting CVar [[r.SkyAtmosphere.FastSkyLUT.SampleCountMin:4.0]]
[2025.04.17-11.48.17:340][  0]LogConfig: Setting CVar [[r.SkyAtmosphere.FastSkyLUT.SampleCountMax:128.0]]
[2025.04.17-11.48.17:340][  0]LogConfig: Setting CVar [[r.SkyAtmosphere.SampleCountMin:4.0]]
[2025.04.17-11.48.17:340][  0]LogConfig: Setting CVar [[r.SkyAtmosphere.SampleCountMax:128.0]]
[2025.04.17-11.48.17:340][  0]LogConfig: Setting CVar [[r.SkyAtmosphere.TransmittanceLUT.UseSmallFormat:0]]
[2025.04.17-11.48.17:340][  0]LogConfig: Setting CVar [[r.SkyAtmosphere.TransmittanceLUT.SampleCount:10.0]]
[2025.04.17-11.48.17:340][  0]LogConfig: Setting CVar [[r.SkyAtmosphere.MultiScatteringLUT.SampleCount:15.0]]
[2025.04.17-11.48.17:340][  0]LogConfig: Setting CVar [[r.SkyLight.RealTimeReflectionCapture:1]]
[2025.04.17-11.48.17:340][  0]LogConfig: Applying CVar settings from Section [FoliageQuality@3] File [D:/ue/Zhanqi/Saved/Config/Windows/Scalability.ini]
[2025.04.17-11.48.17:340][  0]LogConfig: Setting CVar [[foliage.DensityScale:1.0]]
[2025.04.17-11.48.17:340][  0]LogConfig: Setting CVar [[grass.DensityScale:1.0]]
[2025.04.17-11.48.17:340][  0]LogConfig: Applying CVar settings from Section [ShadingQuality@3] File [D:/ue/Zhanqi/Saved/Config/Windows/Scalability.ini]
[2025.04.17-11.48.17:340][  0]LogConfig: Setting CVar [[r.HairStrands.SkyLighting.IntegrationType:2]]
[2025.04.17-11.48.17:340][  0]LogConfig: Setting CVar [[r.HairStrands.SkyAO.SampleCount:4]]
[2025.04.17-11.48.17:340][  0]LogConfig: Setting CVar [[r.HairStrands.Visibility.MSAA.SamplePerPixel:4]]
[2025.04.17-11.48.17:340][  0]LogInit: Selected Device Profile: [Windows]
[2025.04.17-11.48.17:340][  0]LogInit: Applying CVar settings loaded from the selected device profile: [Windows]
[2025.04.17-11.48.17:340][  0]LogHAL: Display: Platform has ~ 14 GB [14702026752 / 17179869184 / 14], which maps to Larger [LargestMinGB=32, LargerMinGB=12, DefaultMinGB=8, SmallerMinGB=6, SmallestMinGB=0)
[2025.04.17-11.48.17:340][  0]LogInit: Going up to parent DeviceProfile []
[2025.04.17-11.48.17:340][  0]LogConfig: Applying CVar settings from Section [ViewDistanceQuality@3] File [D:/ue/Zhanqi/Saved/Config/Windows/Scalability.ini]
[2025.04.17-11.48.17:340][  0]LogConfig: Setting CVar [[r.SkeletalMeshLODBias:0]]
[2025.04.17-11.48.17:340][  0]LogConfig: Setting CVar [[r.ViewDistanceScale:1.0]]
[2025.04.17-11.48.17:340][  0]LogConfig: Applying CVar settings from Section [AntiAliasingQuality@3] File [D:/ue/Zhanqi/Saved/Config/Windows/Scalability.ini]
[2025.04.17-11.48.17:340][  0]LogConfig: Setting CVar [[r.PostProcessAAQuality:4]]
[2025.04.17-11.48.17:340][  0]LogConfig: Applying CVar settings from Section [ShadowQuality@3] File [D:/ue/Zhanqi/Saved/Config/Windows/Scalability.ini]
[2025.04.17-11.48.17:340][  0]LogConfig: Setting CVar [[r.LightFunctionQuality:1]]
[2025.04.17-11.48.17:340][  0]LogConfig: Setting CVar [[r.ShadowQuality:5]]
[2025.04.17-11.48.17:340][  0]LogConfig: Setting CVar [[r.Shadow.CSM.MaxCascades:10]]
[2025.04.17-11.48.17:340][  0]LogConfig: Setting CVar [[r.Shadow.MaxResolution:2048]]
[2025.04.17-11.48.17:340][  0]LogConfig: Setting CVar [[r.Shadow.MaxCSMResolution:2048]]
[2025.04.17-11.48.17:340][  0]LogConfig: Setting CVar [[r.Shadow.RadiusThreshold:0.01]]
[2025.04.17-11.48.17:340][  0]LogConfig: Setting CVar [[r.Shadow.DistanceScale:1.0]]
[2025.04.17-11.48.17:340][  0]LogConfig: Setting CVar [[r.Shadow.CSM.TransitionScale:1.0]]
[2025.04.17-11.48.17:340][  0]LogConfig: Setting CVar [[r.Shadow.PreShadowResolutionFactor:1.0]]
[2025.04.17-11.48.17:340][  0]LogConfig: Setting CVar [[r.DistanceFieldShadowing:1]]
[2025.04.17-11.48.17:340][  0]LogConfig: Setting CVar [[r.DistanceFieldAO:1]]
[2025.04.17-11.48.17:340][  0]LogConfig: Setting CVar [[r.AOQuality:2]]
[2025.04.17-11.48.17:340][  0]LogConfig: Setting CVar [[r.VolumetricFog:1]]
[2025.04.17-11.48.17:340][  0]LogConfig: Setting CVar [[r.VolumetricFog.GridPixelSize:8]]
[2025.04.17-11.48.17:340][  0]LogConfig: Setting CVar [[r.VolumetricFog.GridSizeZ:128]]
[2025.04.17-11.48.17:340][  0]LogConfig: Setting CVar [[r.VolumetricFog.HistoryMissSupersampleCount:4]]
[2025.04.17-11.48.17:340][  0]LogConfig: Setting CVar [[r.LightMaxDrawDistanceScale:1]]
[2025.04.17-11.48.17:340][  0]LogConfig: Setting CVar [[r.CapsuleShadows:1]]
[2025.04.17-11.48.17:340][  0]LogConfig: Applying CVar settings from Section [PostProcessQuality@3] File [D:/ue/Zhanqi/Saved/Config/Windows/Scalability.ini]
[2025.04.17-11.48.17:340][  0]LogConfig: Setting CVar [[r.MotionBlurQuality:4]]
[2025.04.17-11.48.17:340][  0]LogConfig: Setting CVar [[r.AmbientOcclusionMipLevelFactor:0.4]]
[2025.04.17-11.48.17:340][  0]LogConfig: Setting CVar [[r.AmbientOcclusionMaxQuality:100]]
[2025.04.17-11.48.17:340][  0]LogConfig: Setting CVar [[r.AmbientOcclusionLevels:-1]]
[2025.04.17-11.48.17:340][  0]LogConfig: Setting CVar [[r.AmbientOcclusionRadiusScale:1.0]]
[2025.04.17-11.48.17:340][  0]LogConfig: Setting CVar [[r.DepthOfFieldQuality:2]]
[2025.04.17-11.48.17:340][  0]LogConfig: Setting CVar [[r.RenderTargetPoolMin:400]]
[2025.04.17-11.48.17:340][  0]LogConfig: Setting CVar [[r.LensFlareQuality:2]]
[2025.04.17-11.48.17:340][  0]LogConfig: Setting CVar [[r.SceneColorFringeQuality:1]]
[2025.04.17-11.48.17:340][  0]LogConfig: Setting CVar [[r.EyeAdaptationQuality:2]]
[2025.04.17-11.48.17:340][  0]LogConfig: Setting CVar [[r.BloomQuality:5]]
[2025.04.17-11.48.17:340][  0]LogConfig: Setting CVar [[r.FastBlurThreshold:100]]
[2025.04.17-11.48.17:340][  0]LogConfig: Setting CVar [[r.Upscale.Quality:3]]
[2025.04.17-11.48.17:340][  0]LogConfig: Setting CVar [[r.Tonemapper.GrainQuantization:1]]
[2025.04.17-11.48.17:340][  0]LogConfig: Setting CVar [[r.LightShaftQuality:1]]
[2025.04.17-11.48.17:340][  0]LogConfig: Setting CVar [[r.Filter.SizeScale:1]]
[2025.04.17-11.48.17:340][  0]LogConfig: Setting CVar [[r.Tonemapper.Quality:5]]
[2025.04.17-11.48.17:340][  0]LogConfig: Setting CVar [[r.DOF.Gather.AccumulatorQuality:1        ; higher gathering accumulator quality]]
[2025.04.17-11.48.17:340][  0]LogConfig: Setting CVar [[r.DOF.Gather.PostfilterMethod:1          ; Median3x3 postfilering method]]
[2025.04.17-11.48.17:340][  0]LogConfig: Setting CVar [[r.DOF.Gather.EnableBokehSettings:0       ; no bokeh simulation when gathering]]
[2025.04.17-11.48.17:340][  0]LogConfig: Setting CVar [[r.DOF.Gather.RingCount:4                 ; medium number of samples when gathering]]
[2025.04.17-11.48.17:340][  0]LogConfig: Setting CVar [[r.DOF.Scatter.ForegroundCompositing:1    ; additive foreground scattering]]
[2025.04.17-11.48.17:340][  0]LogConfig: Setting CVar [[r.DOF.Scatter.BackgroundCompositing:2    ; additive background scattering]]
[2025.04.17-11.48.17:340][  0]LogConfig: Setting CVar [[r.DOF.Scatter.EnableBokehSettings:1      ; bokeh simulation when scattering]]
[2025.04.17-11.48.17:340][  0]LogConfig: Setting CVar [[r.DOF.Scatter.MaxSpriteRatio:0.1         ; only a maximum of 10% of scattered bokeh]]
[2025.04.17-11.48.17:340][  0]LogConfig: Setting CVar [[r.DOF.Recombine.Quality:1                ; cheap slight out of focus]]
[2025.04.17-11.48.17:340][  0]LogConfig: Setting CVar [[r.DOF.Recombine.EnableBokehSettings:0    ; no bokeh simulation on slight out of focus]]
[2025.04.17-11.48.17:340][  0]LogConfig: Setting CVar [[r.DOF.TemporalAAQuality:1                ; more stable temporal accumulation]]
[2025.04.17-11.48.17:340][  0]LogConfig: Setting CVar [[r.DOF.Kernel.MaxForegroundRadius:0.025]]
[2025.04.17-11.48.17:340][  0]LogConfig: Setting CVar [[r.DOF.Kernel.MaxBackgroundRadius:0.025]]
[2025.04.17-11.48.17:340][  0]LogConfig: Applying CVar settings from Section [TextureQuality@3] File [D:/ue/Zhanqi/Saved/Config/Windows/Scalability.ini]
[2025.04.17-11.48.17:340][  0]LogConfig: Setting CVar [[r.Streaming.MipBias:0]]
[2025.04.17-11.48.17:340][  0]LogConfig: Setting CVar [[r.Streaming.AmortizeCPUToGPUCopy:0]]
[2025.04.17-11.48.17:340][  0]LogConfig: Setting CVar [[r.Streaming.MaxNumTexturesToStreamPerFrame:0]]
[2025.04.17-11.48.17:340][  0]LogConfig: Setting CVar [[r.Streaming.Boost:1]]
[2025.04.17-11.48.17:340][  0]LogConfig: Setting CVar [[r.MaxAnisotropy:8]]
[2025.04.17-11.48.17:340][  0]LogConfig: Setting CVar [[r.VT.MaxAnisotropy:8]]
[2025.04.17-11.48.17:340][  0]LogConfig: Setting CVar [[r.Streaming.LimitPoolSizeToVRAM:0]]
[2025.04.17-11.48.17:340][  0]LogConfig: Setting CVar [[r.Streaming.PoolSize:1000]]
[2025.04.17-11.48.17:340][  0]LogConfig: Setting CVar [[r.Streaming.MaxEffectiveScreenSize:0]]
[2025.04.17-11.48.17:340][  0]LogConfig: Applying CVar settings from Section [EffectsQuality@3] File [D:/ue/Zhanqi/Saved/Config/Windows/Scalability.ini]
[2025.04.17-11.48.17:340][  0]LogConfig: Setting CVar [[r.TranslucencyLightingVolumeDim:64]]
[2025.04.17-11.48.17:340][  0]LogConfig: Setting CVar [[r.RefractionQuality:2]]
[2025.04.17-11.48.17:340][  0]LogConfig: Setting CVar [[r.SSR.Quality:3]]
[2025.04.17-11.48.17:340][  0]LogConfig: Setting CVar [[r.SSR.HalfResSceneColor:0]]
[2025.04.17-11.48.17:340][  0]LogConfig: Setting CVar [[r.SceneColorFormat:4]]
[2025.04.17-11.48.17:340][  0]LogConfig: Setting CVar [[r.DetailMode:2]]
[2025.04.17-11.48.17:340][  0]LogConfig: Setting CVar [[r.TranslucencyVolumeBlur:1]]
[2025.04.17-11.48.17:340][  0]LogConfig: Setting CVar [[r.MaterialQualityLevel:1 ; High quality]]
[2025.04.17-11.48.17:340][  0]LogConfig: Setting CVar [[r.AnisotropicMaterials:1]]
[2025.04.17-11.48.17:340][  0]LogConfig: Setting CVar [[r.SSS.Scale:1]]
[2025.04.17-11.48.17:340][  0]LogConfig: Setting CVar [[r.SSS.SampleSet:2]]
[2025.04.17-11.48.17:340][  0]LogConfig: Setting CVar [[r.SSS.Quality:1]]
[2025.04.17-11.48.17:340][  0]LogConfig: Setting CVar [[r.SSS.HalfRes:0]]
[2025.04.17-11.48.17:340][  0]LogConfig: Setting CVar [[r.SSGI.Quality:3]]
[2025.04.17-11.48.17:340][  0]LogConfig: Setting CVar [[r.EmitterSpawnRateScale:1.0]]
[2025.04.17-11.48.17:340][  0]LogConfig: Setting CVar [[r.ParticleLightQuality:2]]
[2025.04.17-11.48.17:340][  0]LogConfig: Setting CVar [[r.SkyAtmosphere.AerialPerspectiveLUT.FastApplyOnOpaque:1 ; Always have FastSkyLUT 1 in this case to avoid wrong sky]]
[2025.04.17-11.48.17:340][  0]LogConfig: Setting CVar [[r.SkyAtmosphere.AerialPerspectiveLUT.SampleCountMaxPerSlice:4]]
[2025.04.17-11.48.17:340][  0]LogConfig: Setting CVar [[r.SkyAtmosphere.AerialPerspectiveLUT.DepthResolution:16.0]]
[2025.04.17-11.48.17:340][  0]LogConfig: Setting CVar [[r.SkyAtmosphere.FastSkyLUT:1]]
[2025.04.17-11.48.17:340][  0]LogConfig: Setting CVar [[r.SkyAtmosphere.FastSkyLUT.SampleCountMin:4.0]]
[2025.04.17-11.48.17:340][  0]LogConfig: Setting CVar [[r.SkyAtmosphere.FastSkyLUT.SampleCountMax:128.0]]
[2025.04.17-11.48.17:340][  0]LogConfig: Setting CVar [[r.SkyAtmosphere.SampleCountMin:4.0]]
[2025.04.17-11.48.17:340][  0]LogConfig: Setting CVar [[r.SkyAtmosphere.SampleCountMax:128.0]]
[2025.04.17-11.48.17:340][  0]LogConfig: Setting CVar [[r.SkyAtmosphere.TransmittanceLUT.UseSmallFormat:0]]
[2025.04.17-11.48.17:340][  0]LogConfig: Setting CVar [[r.SkyAtmosphere.TransmittanceLUT.SampleCount:10.0]]
[2025.04.17-11.48.17:340][  0]LogConfig: Setting CVar [[r.SkyAtmosphere.MultiScatteringLUT.SampleCount:15.0]]
[2025.04.17-11.48.17:341][  0]LogConfig: Setting CVar [[r.SkyLight.RealTimeReflectionCapture:1]]
[2025.04.17-11.48.17:341][  0]LogConfig: Applying CVar settings from Section [FoliageQuality@3] File [D:/ue/Zhanqi/Saved/Config/Windows/Scalability.ini]
[2025.04.17-11.48.17:341][  0]LogConfig: Setting CVar [[foliage.DensityScale:1.0]]
[2025.04.17-11.48.17:341][  0]LogConfig: Setting CVar [[grass.DensityScale:1.0]]
[2025.04.17-11.48.17:341][  0]LogConfig: Applying CVar settings from Section [ShadingQuality@3] File [D:/ue/Zhanqi/Saved/Config/Windows/Scalability.ini]
[2025.04.17-11.48.17:341][  0]LogConfig: Setting CVar [[r.HairStrands.SkyLighting.IntegrationType:2]]
[2025.04.17-11.48.17:341][  0]LogConfig: Setting CVar [[r.HairStrands.SkyAO.SampleCount:4]]
[2025.04.17-11.48.17:341][  0]LogConfig: Setting CVar [[r.HairStrands.Visibility.MSAA.SamplePerPixel:4]]
[2025.04.17-11.48.17:341][  0]LogConfig: Applying CVar settings from Section [Startup] File [../../../Engine/Config/ConsoleVariables.ini]
[2025.04.17-11.48.17:341][  0]LogConfig: Setting CVar [[net.UseAdaptiveNetUpdateFrequency:0]]
[2025.04.17-11.48.17:341][  0]LogConfig: Setting CVar [[p.chaos.AllowCreatePhysxBodies:1]]
[2025.04.17-11.48.17:341][  0]LogConfig: Setting CVar [[fx.SkipVectorVMBackendOptimizations:1]]
[2025.04.17-11.48.17:341][  0]LogConfig: Applying CVar settings from Section [ConsoleVariables] File [D:/ue/Zhanqi/Saved/Config/Windows/Engine.ini]
[2025.04.17-11.48.17:341][  0]LogConfig: Applying CVar settings from Section [ConsoleVariables] File [D:/ue/Zhanqi/Saved/Config/Windows/Editor.ini]
[2025.04.17-11.48.17:341][  0]LogInit: Computer: DESKTOP-PC2R1VK
[2025.04.17-11.48.17:341][  0]LogInit: User: PC
[2025.04.17-11.48.17:341][  0]LogInit: CPU Page size=4096, Cores=8
[2025.04.17-11.48.17:341][  0]LogInit: High frequency timer resolution =10.000000 MHz
[2025.04.17-11.48.17:342][  0]LogMemory: Memory total: Physical=13.7GB (14GB approx)
[2025.04.17-11.48.17:342][  0]LogMemory: Platform Memory Stats for Windows
[2025.04.17-11.48.17:342][  0]LogMemory: Process Physical Memory: 147.69 MB used, 147.69 MB peak
[2025.04.17-11.48.17:342][  0]LogMemory: Process Virtual Memory: 123.06 MB used, 123.06 MB peak
[2025.04.17-11.48.17:342][  0]LogMemory: Physical Memory: 9346.11 MB used,  4674.83 MB free, 14020.95 MB total
[2025.04.17-11.48.17:342][  0]LogMemory: Virtual Memory: 134198624.00 MB used,  19104.09 MB free, 134217728.00 MB total
[2025.04.17-11.48.17:351][  0]LogWindows: WindowsPlatformFeatures enabled
[2025.04.17-11.48.17:388][  0]LogInit: Physics initialised using underlying interface: PhysX
[2025.04.17-11.48.17:390][  0]LogInit: Using OS detected language (zh-CN).
[2025.04.17-11.48.17:390][  0]LogInit: Using OS detected locale (zh-CN).
[2025.04.17-11.48.17:395][  0]LogTextLocalizationManager: No specific localization for 'zh-CN' exists, so the 'zh-Hans' localization will be used.
[2025.04.17-11.48.17:622][  0]LogTextLocalizationResource: LocRes '../../../Engine/Content/Localization/Editor/zh/Editor.locres' could not be opened for reading!
[2025.04.17-11.48.17:622][  0]LogTextLocalizationResource: LocRes '../../../Engine/Content/Localization/EditorTutorials/zh/EditorTutorials.locres' could not be opened for reading!
[2025.04.17-11.48.17:622][  0]LogTextLocalizationResource: LocRes '../../../Engine/Content/Localization/Keywords/zh/Keywords.locres' could not be opened for reading!
[2025.04.17-11.48.17:623][  0]LogTextLocalizationResource: LocRes '../../../Engine/Content/Localization/Category/zh/Category.locres' could not be opened for reading!
[2025.04.17-11.48.17:623][  0]LogTextLocalizationResource: LocRes '../../../Engine/Content/Localization/ToolTips/zh/ToolTips.locres' could not be opened for reading!
[2025.04.17-11.48.17:623][  0]LogTextLocalizationResource: LocRes '../../../Engine/Content/Localization/PropertyNames/zh/PropertyNames.locres' could not be opened for reading!
[2025.04.17-11.48.17:623][  0]LogTextLocalizationResource: LocRes '../../../Engine/Content/Localization/Engine/zh/Engine.locres' could not be opened for reading!
[2025.04.17-11.48.17:623][  0]LogTextLocalizationResource: LocRes '../../../Engine/Plugins/Online/OnlineSubsystem/Content/Localization/OnlineSubsystem/zh/OnlineSubsystem.locres' could not be opened for reading!
[2025.04.17-11.48.17:623][  0]LogTextLocalizationResource: LocRes '../../../Engine/Plugins/Online/OnlineSubsystemUtils/Content/Localization/OnlineSubsystemUtils/zh/OnlineSubsystemUtils.locres' could not be opened for reading!
[2025.04.17-11.48.17:623][  0]LogTextLocalizationResource: LocRes '../../../Engine/Plugins/Online/Android/OnlineSubsystemGooglePlay/Content/Localization/OnlineSubsystemGooglePlay/zh/OnlineSubsystemGooglePlay.locres' could not be opened for reading!
[2025.04.17-11.48.17:623][  0]LogTextLocalizationResource: LocRes '../../../Engine/Plugins/Online/IOS/OnlineSubsystemIOS/Content/Localization/OnlineSubsystemIOS/zh/OnlineSubsystemIOS.locres' could not be opened for reading!
[2025.04.17-11.48.17:681][  0]LogInit: Setting process to per monitor DPI aware
[2025.04.17-11.48.17:690][  0]LogWindowsTextInputMethodSystem: Display: IME system deactivated.
[2025.04.17-11.48.17:707][  0]LogSlate: New Slate User Created.  User Index 0, Is Virtual User: 0
[2025.04.17-11.48.17:707][  0]LogSlate: Slate User Registered.  User Index 0, Is Virtual User: 0
[2025.04.17-11.48.17:970][  0]LogD3D11RHI: Loaded GFSDK_Aftermath_Lib.x64.dll
[2025.04.17-11.48.17:975][  0]LogHMD: Failed to initialize OpenVR with code 110
[2025.04.17-11.48.17:975][  0]LogD3D11RHI: D3D11 min allowed feature level: 11_0
[2025.04.17-11.48.17:975][  0]LogD3D11RHI: D3D11 max allowed feature level: 11_0
[2025.04.17-11.48.17:975][  0]LogD3D11RHI: D3D11 adapters:
[2025.04.17-11.48.18:077][  0]LogD3D11RHI:    0. 'AMD Radeon(TM) Graphics' (Feature Level 11_0)
[2025.04.17-11.48.18:077][  0]LogD3D11RHI:       1967/0/7010 MB DedicatedVideo/DedicatedSystem/SharedSystem, Outputs:1, VendorId:0x1002
[2025.04.17-11.48.18:080][  0]LogD3D11RHI:    1. 'Microsoft Basic Render Driver' (Feature Level 11_0)
[2025.04.17-11.48.18:081][  0]LogD3D11RHI:       0/0/7010 MB DedicatedVideo/DedicatedSystem/SharedSystem, Outputs:0, VendorId:0x1414
[2025.04.17-11.48.18:081][  0]LogD3D11RHI: Chosen D3D11 Adapter:
[2025.04.17-11.48.18:081][  0]LogD3D11RHI:     Description : AMD Radeon(TM) Graphics
[2025.04.17-11.48.18:081][  0]LogD3D11RHI:     VendorId    : 1002
[2025.04.17-11.48.18:081][  0]LogD3D11RHI:     DeviceId    : 1681
[2025.04.17-11.48.18:081][  0]LogD3D11RHI:     SubSysId    : 380717aa
[2025.04.17-11.48.18:081][  0]LogD3D11RHI:     Revision    : 0002
[2025.04.17-11.48.18:081][  0]LogD3D11RHI:     DedicatedVideoMemory : 2063015936 bytes
[2025.04.17-11.48.18:081][  0]LogD3D11RHI:     DedicatedSystemMemory : 0 bytes
[2025.04.17-11.48.18:081][  0]LogD3D11RHI:     SharedSystemMemory : 7351013376 bytes
[2025.04.17-11.48.18:081][  0]LogD3D11RHI:     AdapterLuid : 0 71363
[2025.04.17-11.48.18:089][  0]LogD3D11RHI: Creating new Direct3DDevice
[2025.04.17-11.48.18:089][  0]LogD3D11RHI:     GPU DeviceId: 0x1681 (for the marketing name, search the web for "GPU Device Id")
[2025.04.17-11.48.18:089][  0]LogWindows: EnumDisplayDevices:
[2025.04.17-11.48.18:091][  0]LogWindows:    0. 'AMD Radeon(TM) Graphics' (P:1 D:1)
[2025.04.17-11.48.18:091][  0]LogWindows:    1. 'AMD Radeon(TM) Graphics' (P:0 D:0)
[2025.04.17-11.48.18:091][  0]LogWindows:    2. 'AMD Radeon(TM) Graphics' (P:0 D:0)
[2025.04.17-11.48.18:092][  0]LogWindows:    3. 'AMD Radeon(TM) Graphics' (P:0 D:0)
[2025.04.17-11.48.18:092][  0]LogWindows:    4. 'AMD Radeon(TM) Graphics' (P:0 D:0)
[2025.04.17-11.48.18:092][  0]LogWindows: DebugString: FoundDriverCount:5 
[2025.04.17-11.48.18:092][  0]LogD3D11RHI:     Adapter Name: AMD Radeon(TM) Graphics
[2025.04.17-11.48.18:092][  0]LogD3D11RHI:   Driver Version: AMD Software: Adrenalin Edition 24.10.1 (internal:32.0.12019.1028, unified:32.0.12019.1028)
[2025.04.17-11.48.18:092][  0]LogD3D11RHI:      Driver Date: 10-11-2024
[2025.04.17-11.48.18:092][  0]LogRHI: Texture pool is 5791 MB (70% of 8273 MB)
[2025.04.17-11.48.18:121][  0]LogD3D11RHI: Creating D3DDevice with AMD AGS, using adapter:
[2025.04.17-11.48.18:121][  0]LogD3D11RHI:     Description : AMD Radeon(TM) Graphics
[2025.04.17-11.48.18:121][  0]LogD3D11RHI:     VendorId    : 1002
[2025.04.17-11.48.18:121][  0]LogD3D11RHI:     DeviceId    : 1681
[2025.04.17-11.48.18:121][  0]LogD3D11RHI:     SubSysId    : 380717aa
[2025.04.17-11.48.18:121][  0]LogD3D11RHI:     Revision    : 0002
[2025.04.17-11.48.18:121][  0]LogD3D11RHI:     DedicatedVideoMemory : 2063015936 bytes
[2025.04.17-11.48.18:121][  0]LogD3D11RHI:     DedicatedSystemMemory : 0 bytes
[2025.04.17-11.48.18:121][  0]LogD3D11RHI:     SharedSystemMemory : 7351013376 bytes
[2025.04.17-11.48.18:121][  0]LogD3D11RHI:     AdapterLuid : 0 71363
[2025.04.17-11.48.18:194][  0]LogD3D11RHI: Created device via AGS, feature level 11_0, supported extensions 1fffffbf.
[2025.04.17-11.48.18:194][  0]LogD3D11RHI: RHI has support for 64 bit atomics
[2025.04.17-11.48.18:194][  0]LogD3D11RHI: Async texture creation enabled
[2025.04.17-11.48.18:194][  0]LogD3D11RHI: Array index from any shader is supported
[2025.04.17-11.48.18:207][  0]LogD3D11RHI: GPU Timing Frequency: 100.000000 (Debug: 2 1)
[2025.04.17-11.48.19:106][  0]LogTargetPlatformManager: Display: Loaded TargetPlatform 'AllDesktop'
[2025.04.17-11.48.19:130][  0]LogTargetPlatformManager: Display: Loaded TargetPlatform 'Android'
[2025.04.17-11.48.19:130][  0]LogTargetPlatformManager: Display: Loaded TargetPlatform 'Android_ASTC'
[2025.04.17-11.48.19:130][  0]LogTargetPlatformManager: Display: Loaded TargetPlatform 'Android_DXT'
[2025.04.17-11.48.19:130][  0]LogTargetPlatformManager: Display: Loaded TargetPlatform 'Android_ETC2'
[2025.04.17-11.48.19:130][  0]LogTargetPlatformManager: Display: Loaded TargetPlatform 'AndroidClient'
[2025.04.17-11.48.19:130][  0]LogTargetPlatformManager: Display: Loaded TargetPlatform 'Android_ASTCClient'
[2025.04.17-11.48.19:130][  0]LogTargetPlatformManager: Display: Loaded TargetPlatform 'Android_DXTClient'
[2025.04.17-11.48.19:130][  0]LogTargetPlatformManager: Display: Loaded TargetPlatform 'Android_ETC2Client'
[2025.04.17-11.48.19:130][  0]LogTargetPlatformManager: Display: Loaded TargetPlatform 'Android_Multi'
[2025.04.17-11.48.19:130][  0]LogTargetPlatformManager: Display: Loaded TargetPlatform 'Android_MultiClient'
[2025.04.17-11.48.19:155][  0]LogTargetPlatformManager: Display: Loaded TargetPlatform 'IOSClient'
[2025.04.17-11.48.19:155][  0]LogTargetPlatformManager: Display: Loaded TargetPlatform 'IOS'
[2025.04.17-11.48.19:171][  0]LogTargetPlatformManager: Display: Loaded TargetPlatform 'Linux'
[2025.04.17-11.48.19:179][  0]LogTargetPlatformManager: Display: Loaded TargetPlatform 'LinuxNoEditor'
[2025.04.17-11.48.19:186][  0]LogTargetPlatformManager: Display: Loaded TargetPlatform 'LinuxClient'
[2025.04.17-11.48.19:193][  0]LogTargetPlatformManager: Display: Loaded TargetPlatform 'LinuxServer'
[2025.04.17-11.48.19:206][  0]LogTargetPlatformManager: Display: Loaded TargetPlatform 'LinuxAArch64NoEditor'
[2025.04.17-11.48.19:216][  0]LogTargetPlatformManager: Display: Loaded TargetPlatform 'LinuxAArch64Client'
[2025.04.17-11.48.19:225][  0]LogTargetPlatformManager: Display: Loaded TargetPlatform 'LinuxAArch64Server'
[2025.04.17-11.48.19:256][  0]LogTargetPlatformManager: Display: Loaded TargetPlatform 'Lumin'
[2025.04.17-11.48.19:256][  0]LogTargetPlatformManager: Display: Loaded TargetPlatform 'LuminClient'
[2025.04.17-11.48.19:268][  0]LogTargetPlatformManager: Display: Loaded TargetPlatform 'MacNoEditor'
[2025.04.17-11.48.19:275][  0]LogTargetPlatformManager: Display: Loaded TargetPlatform 'Mac'
[2025.04.17-11.48.19:281][  0]LogTargetPlatformManager: Display: Loaded TargetPlatform 'MacClient'
[2025.04.17-11.48.19:288][  0]LogTargetPlatformManager: Display: Loaded TargetPlatform 'MacServer'
[2025.04.17-11.48.19:298][  0]LogTargetPlatformManager: Display: Loaded TargetPlatform 'TVOSClient'
[2025.04.17-11.48.19:298][  0]LogTargetPlatformManager: Display: Loaded TargetPlatform 'TVOS'
[2025.04.17-11.48.19:311][  0]LogTargetPlatformManager: Display: Loaded TargetPlatform 'WindowsNoEditor'
[2025.04.17-11.48.19:317][  0]LogTargetPlatformManager: Display: Loaded TargetPlatform 'Windows'
[2025.04.17-11.48.19:326][  0]LogTargetPlatformManager: Display: Loaded TargetPlatform 'WindowsClient'
[2025.04.17-11.48.19:332][  0]LogTargetPlatformManager: Display: Loaded TargetPlatform 'WindowsServer'
[2025.04.17-11.48.19:332][  0]LogTargetPlatformManager: Display: Building Assets For Windows
[2025.04.17-11.48.19:347][  0]LogAudioDebug: Display: Lib vorbis DLL was dynamically loaded.
[2025.04.17-11.48.19:404][  0]LogTextureFormatOodle: Display: Oodle Texture 2.9.0 init RDO Off
[2025.04.17-11.48.19:459][  0]LogRendererCore: Ray tracing is disabled. Reason: r.RayTracing=0.
[2025.04.17-11.48.19:459][  0]LogShaderCompilers: Guid format shader working directory is 18 characters bigger than the processId version (../../../../../ue/Zhanqi/Intermediate/Shaders/WorkingDirectory/16088/).
[2025.04.17-11.48.19:459][  0]LogShaderCompilers: Cleaned the shader compiler working directory 'C:/Users/PC/AppData/Local/Temp/UnrealShaderWorkingDir/9C3256804BAEC43ED24DF097A3C20F11/'.
[2025.04.17-11.48.19:459][  0]LogXGEController: Cannot use XGE Controller as Incredibuild is not installed on this machine.
[2025.04.17-11.48.19:459][  0]LogShaderCompilers: Cannot use XGE Shader Compiler as Incredibuild is not installed on this machine.
[2025.04.17-11.48.19:459][  0]LogShaderCompilers: Display: Using Local Shader Compiler.
[2025.04.17-11.48.20:257][  0]LogDerivedDataCache: Display: Max Cache Size: 512 MB
[2025.04.17-11.48.20:330][  0]LogDerivedDataCache: Loaded boot cache 0.07s 94MB C:/Users/PC/AppData/Local/UnrealEngine/4.27/DerivedDataCache/Boot.ddc.
[2025.04.17-11.48.20:330][  0]LogDerivedDataCache: Display: Loaded Boot cache: C:/Users/PC/AppData/Local/UnrealEngine/4.27/DerivedDataCache/Boot.ddc
[2025.04.17-11.48.20:330][  0]LogDerivedDataCache: FDerivedDataBackendGraph:  Pak pak cache file ../../../../../ue/Zhanqi/DerivedDataCache/DDC.ddp not found, will not use a pak cache.
[2025.04.17-11.48.20:330][  0]LogDerivedDataCache: Unable to find inner node Pak for hierarchical cache Hierarchy.
[2025.04.17-11.48.20:330][  0]LogDerivedDataCache: FDerivedDataBackendGraph:  CompressedPak pak cache file ../../../../../ue/Zhanqi/DerivedDataCache/Compressed.ddp not found, will not use a pak cache.
[2025.04.17-11.48.20:330][  0]LogDerivedDataCache: Unable to find inner node CompressedPak for hierarchical cache Hierarchy.
[2025.04.17-11.48.20:348][  0]LogDerivedDataCache: Display: Pak cache opened for reading ../../../Engine/DerivedDataCache/Compressed.ddp.
[2025.04.17-11.48.20:348][  0]LogDerivedDataCache: FDerivedDataBackendGraph:  EnterprisePak pak cache file ../../../Enterprise/DerivedDataCache/Compressed.ddp not found, will not use a pak cache.
[2025.04.17-11.48.20:348][  0]LogDerivedDataCache: Unable to find inner node EnterprisePak for hierarchical cache Hierarchy.
[2025.04.17-11.48.20:367][  0]LogDerivedDataCache: Speed tests for C:/Users/PC/AppData/Local/UnrealEngine/Common/DerivedDataCache took 0.02 seconds
[2025.04.17-11.48.20:367][  0]LogDerivedDataCache: Display: Performance to C:/Users/PC/AppData/Local/UnrealEngine/Common/DerivedDataCache: Latency=0.13ms. RandomReadSpeed=160.63MBs, RandomWriteSpeed=79.55MBs. Assigned SpeedClass 'Local'
[2025.04.17-11.48.20:373][  0]LogDerivedDataCache: Using Local data cache path C:/Users/PC/AppData/Local/UnrealEngine/Common/DerivedDataCache: Writable
[2025.04.17-11.48.20:373][  0]LogDerivedDataCache: Shared data cache path not found in *engine.ini, will not use an Shared cache.
[2025.04.17-11.48.20:373][  0]LogDerivedDataCache: Unable to find inner node Shared for hierarchical cache Hierarchy.
[2025.04.17-11.48.20:415][  0]LogSlate: Using FreeType 2.10.0
[2025.04.17-11.48.20:416][  0]LogSlate: SlateFontServices - WITH_FREETYPE: 1, WITH_HARFBUZZ: 1
[2025.04.17-11.48.20:446][  0]LogAssetRegistry: FAssetRegistry took 0.0026 seconds to start up
[2025.04.17-11.48.20:683][  0]LogInit: Selected Device Profile: [Windows]
[2025.04.17-11.48.20:683][  0]LogInit: Active device profile: [0000021898E73F00][0000021891312B00 49] Windows
[2025.04.17-11.48.20:683][  0]LogInit: Profiles: [0000021898E73F00][0000021891312B00 49] Windows, [0000021898E83F00][000002188A62AC80 49] WindowsNoEditor, [0000021898E70500][000002188A62EE00 49] WindowsServer, [0000021898E80600][000002188A632F80 49] WindowsClient, [0000021898E73D00][000002188A637100 49] IOS, [0000021898E80100][0000021897ADB280 49] iPadAir, [0000021898E70200][0000021897ADF400 49] iPadAir2, [0000021898E25200][0000021897AE76C0 49] IPadPro, [0000021898E25300][0000021897AE3700 49] iPadAir3, [0000021898E73B00][0000021897AEB880 49] iPadAir4, [0000021898E24700][0000021897AEFA00 49] iPadMini2, [0000021898E70400][0000021897AF3B80 49] iPadMini3, [0000021898E25700][0000021897AF6180 49] iPadMini4, [0000021898E73A00][0000021897AFA300 49] iPadMini5, [0000021898E81300][0000021892B6A580 49] iPhone6, [0000021898E81400][0000021897AFE5C0 49] iPodTouch6, [0000021898E27B00][0000021897B06800 49] iPhone7, [0000021898E27A00][0000021897B02840 49] iPodTouch7, [0000021898E80900][0000021897B0A980 49] iPhone5S, [0000021898E24C00][0000021897B12B00 49] iPhone6Plus, [0000021898E81800][0000021897B16C80 49] iPhone6S, [0000021898E27800][0000021897B1AE00 49] iPhone6SPlus, [0000021898E80C00][0000021897B1EF80 49] iPhone7Plus, [0000021898E25100][0000021897B23100 49] iPhoneSE, [0000021898E81A00][0000021897B27280 49] iPhone8, [0000021898E27600][0000021897B2B400 49] iPhone8Plus, [0000021898E80300][0000021897B2F580 49] iPhoneX, [0000021898E24200][0000021897B33700 49] iPhoneXS, [0000021898E81E00][0000021897B37880 49] iPhoneXSMax, [0000021898E27100][0000021897B3BA00 49] iPhoneXR, [0000021898E83900][0000021897B3FB80 49] iPhone11, [0000021898E25900][0000021897B42180 49] iPhone11Pro, [0000021898E82200][0000021897B46300 49] iPhone11ProMax, [0000021898E26D00][0000021897B4A480 49] iPhoneSE2, [0000021898E83B00][0000021897B4E600 49] iPhone12Mini, [0000021898E25B00][0000021897B0E740 49] iPhone12, [0000021898E82600][0000021897B52880 49] iPhone12Pro, [0000021898E24500][0000021897B569C0 49] iPhone12ProMax, [0000021898E83500][0000021897B5AB00 49] iPadPro105, [0000021898E25F00][0000021897B62C80 49] iPadPro129, [0000021898E81200][0000021897B66E00 49] iPadPro97, [0000021898E25000][0000021897B6AF80 49] iPadPro2_129, [0000021898E82D00][0000021897B6F100 49] iPad5, [0000021898E27C00][0000021897B73280 49] iPad6, [0000021898E81100][0000021897B77400 49] iPad7, [0000021898E24900][0000021897B7B580 49] iPad8, [0000021898E82B00][0000021897B7F700 49] iPadPro11, [0000021898E26200][0000021897B83880 49] iPadPro2_11, [0000021898E82900][0000021897B87A00 49] iPadPro3_129, [0000021898E26600][0000021897B8BB80 49] iPadPro4_129, [0000021898E82F00][00000218984C2180 49] AppleTV, [0000021898E26500][00000218984C6300 49] AppleTV4K, [0000021898E81600][00000218984CA480 49] TVOS, [0000021898E27400][00000218984CE600 49] Mac, [0000021898E82700][00000218984D2780 49] MacClient, [0000021898E26E00][00000218984D6900 49] MacNoEditor, [0000021898E80E00][0000021897B5EA40 49] MacServer, [0000021898E27F00][00000218984DAB80 49] Linux, [0000021898E81700][00000218984DECC0 49] LinuxAArch64, [0000021898E27900][00000218984E6E40 49] LinuxNoEditor, [0000021898E80800][00000218984EAFC0 49] LinuxAArch64NoEditor, [0000021898E27D00][00000218984EF140 49] LinuxClient, [0000021898E82C00][00000218984F32C0 49] LinuxAArch64Client, [0000021898E25C00][00000218984F7440 49] LinuxServer, [0000021898E81F00][00000218984FB5C0 49] LinuxAArch64Server, [0000021898E26900][00000218984FF740 49] Android, [0000021898E81B00][00000218985038C0 49] Android_Low, [0000021898E26400][0000021898507A40 49] Android_Mid, [0000021898E83800][000002189850BBC0 49] Android_High, [0000021898E26F00][000002189850E1C0 49] Android_Default, [0000021898E80D00][0000021898512340 49] Android_Adreno4xx, [0000021898E70600][00000218985164C0 49] Android_Adreno5xx_Low, [0000021898EEA900][000002189851A640 49] Android_Adreno5xx, [0000021898E70C00][00000218ED4207C0 49] Android_Adreno6xx, [0000021898EE8600][00000218ED424940 49] Android_Adreno6xx_Vulkan, [0000021898E71500][00000218ED428AC0 49] Android_Mali_T6xx, [0000021898EE9200][00000218984E2C00 49] Android_Mali_T7xx, [0000021898E72A00][00000218ED42CD40 49] Android_Mali_T8xx, [0000021898EEA200][00000218ED430E80 49] Android_Mali_G71, [0000021898E71900][00000218ED434FC0 49] Android_Mali_G72, [0000021898EE8B00][00000218ED43D140 49] Android_Mali_G72_Vulkan, [0000021898E72400][00000218ED4412C0 49] Android_Mali_G76, [0000021898EE9F00][00000218ED445440 49] Android_Mali_G76_Vulkan, [0000021898E70900][00000218ED4495C0 49] Android_Mali_G77, [0000021898EE8900][00000218ED44D740 49] Android_Mali_G77_Vulkan, [0000021898E70100][00000218ED4518C0 49] Android_Mali_G78, [0000021898EEA500][00000218ED455A40 49] Android_Mali_G78_Vulkan, [0000021898E72D00][00000218ED459BC0 49] Android_Mali_G710, [0000021898EE9800][00000218ED45C1C0 49] Android_Mali_G710_Vulkan, [0000021898E71F00][00000218ED460340 49] Android_Vulkan_SM5, [0000021898EE8200][00000218ED4644C0 49] Android_PowerVR_G6xxx, [0000021898E71D00][00000218ED468640 49] Android_PowerVR_GT7xxx, [0000021898EE8100][00000218ED46C7C0 49] Android_PowerVR_GE8xxx, [0000021898E83100][00000218ED470940 49] Android_PowerVR_GM9xxx, [0000021898EE8300][00000218ED474AC0 49] Android_PowerVR_GM9xxx_Vulkan, [0000021898E82A00][00000218ED478C40 49] Android_TegraK1, [0000021898EE9700][00000218ED438D80 49] Android_Unknown_Vulkan, [0000021898E82100][00000218ED47CEC0 49] Lumin, [0000021898EE9300][000002189851F000 49] Lumin_Desktop, [0000021898E80F00][0000021898523140 49] HoloLens, 
[2025.04.17-11.48.20:857][  0]LogMeshReduction: Using QuadricMeshReduction for automatic static mesh reduction
[2025.04.17-11.48.20:858][  0]LogMeshReduction: Using SimplygonMeshReduction for automatic skeletal mesh reduction
[2025.04.17-11.48.20:858][  0]LogMeshReduction: Using ProxyLODMeshReduction for automatic mesh merging
[2025.04.17-11.48.20:858][  0]LogMeshReduction: No distributed automatic mesh merging module available
[2025.04.17-11.48.20:858][  0]LogMeshMerging: No distributed automatic mesh merging module available
[2025.04.17-11.48.20:879][  0]LogNetVersion: Zhanqi 1.0.0, NetCL: 17155196, EngineNetVer: 17, GameNetVer: 0 (Checksum: 1686892485)
[2025.04.17-11.48.21:328][  0]LogTexture: Default maximum texture size for cubemaps generated from long-lat sources has been changed from 512 to unlimited. In order to preserve old behaiour for '/Engine/MapTemplates/Sky/DaylightAmbientCubemap.DaylightAmbientCubemap', its maximum texture size has been explicitly set to 512.
[2025.04.17-11.48.21:384][  0]LogHMD: PokeAHoleMaterial loaded successfully
[2025.04.17-11.48.21:390][  0]LogUObjectArray: 17178 objects as part of root set at end of initial load.
[2025.04.17-11.48.21:390][  0]LogUObjectAllocator: 4302048 out of 0 bytes used by permanent object pool.
[2025.04.17-11.48.21:390][  0]LogUObjectArray: CloseDisregardForGC: 0/0 objects in disregard for GC pool
[2025.04.17-11.48.21:791][  0]LogNiagaraDebuggerClient: Niagara Debugger Client Initialized | Session: 5EC8D8384E535DFB3C9253B01E999939 | Instance: 13D29B074389CD4CD8151A87C083E29E (DESKTOP-PC2R1VK-16088).
[2025.04.17-11.48.21:859][  0]LogPython: Using Python 3.7.7
[2025.04.17-11.48.22:672][  0]LogTcpMessaging: Initializing TcpMessaging bridge
[2025.04.17-11.48.22:682][  0]LogUdpMessaging: Initializing bridge on interface 0.0.0.0:0 to multicast group 230.0.0.1:6666.
[2025.04.17-11.48.23:000][  0]SourceControl: 源码管理已禁用
[2025.04.17-11.48.23:000][  0]SourceControl: 源码管理已禁用
[2025.04.17-11.48.23:009][  0]SourceControl: 源码管理已禁用
[2025.04.17-11.48.23:019][  0]SourceControl: 源码管理已禁用
[2025.04.17-11.48.23:049][  0]SourceControl: 源码管理已禁用
[2025.04.17-11.48.23:064][  0]LogUProjectInfo: Found projects:
[2025.04.17-11.48.23:498][  0]LogOpenImageDenoise: OIDN starting up
[2025.04.17-11.48.23:593][  0]LogAndroidPermission: UAndroidPermissionCallbackProxy::GetInstance
[2025.04.17-11.48.23:647][  0]LogAudioCaptureCore: Display: No Audio Capture implementations found. Audio input will be silent.
[2025.04.17-11.48.23:647][  0]LogAudioCaptureCore: Display: No Audio Capture implementations found. Audio input will be silent.
[2025.04.17-11.48.23:875][  0]LogCollectionManager: Loaded 0 collections in 0.001993 seconds
[2025.04.17-11.48.23:917][  0]LogFileCache: Scanning file cache for directory 'D:/ue/Zhanqi/Saved/Collections/' took 0.00s
[2025.04.17-11.48.23:917][  0]LogFileCache: Scanning file cache for directory 'D:/ue/Zhanqi/Content/Developers/PC/Collections/' took 0.00s
[2025.04.17-11.48.23:917][  0]LogFileCache: Scanning file cache for directory 'D:/ue/Zhanqi/Content/Collections/' took 0.00s
[2025.04.17-11.48.23:917][  0]LogOcInput: OculusInput pre-init called
[2025.04.17-11.48.24:303][  0]LogEngine: Initializing Engine...
[2025.04.17-11.48.24:315][  0]LogHMD: Failed to enumerate extensions. Please check that you have a valid OpenXR runtime installed.
[2025.04.17-11.48.24:315][  0]LogHMD: Failed to initialize OpenVR with code 110
[2025.04.17-11.48.24:316][  0]LogMagicLeap: Warning: VR disabled because ZI is not enabled.  To enable, in the editor, Edit -> Project Settings -> Plugins -> Magic Leap Plugin -> Enable Zero Iteration
[2025.04.17-11.48.24:317][  0]LogStats: UGameplayTagsManager::InitializeManager -  0.000 s
[2025.04.17-11.48.24:497][  0]LogInit: Initializing FReadOnlyCVARCache
[2025.04.17-11.48.24:510][  0]LogAIModule: Creating AISystem for world Untitled
[2025.04.17-11.48.24:511][  0]LogAudio: Display: Initializing Audio Device Manager...
[2025.04.17-11.48.24:518][  0]LogAudio: Display: Loading Default Audio Settings Objects...
[2025.04.17-11.48.24:519][  0]LogAudio: Display: No default SoundConcurrencyObject specified (or failed to load).
[2025.04.17-11.48.24:520][  0]LogAudio: Display: Audio Device Manager Initialized
[2025.04.17-11.48.24:520][  0]LogAudio: Display: Creating Audio Device:                 Id: 1, Scope: Shared, Realtime: True
[2025.04.17-11.48.24:520][  0]LogAudioMixer: Display: Audio Mixer Platform Settings:
[2025.04.17-11.48.24:520][  0]LogAudioMixer: Display: 	Sample Rate:						  48000
[2025.04.17-11.48.24:520][  0]LogAudioMixer: Display: 	Callback Buffer Frame Size Requested: 1024
[2025.04.17-11.48.24:520][  0]LogAudioMixer: Display: 	Callback Buffer Frame Size To Use:	  1024
[2025.04.17-11.48.24:520][  0]LogAudioMixer: Display: 	Number of buffers to queue:			  2
[2025.04.17-11.48.24:520][  0]LogAudioMixer: Display: 	Max Channels (voices):				  32
[2025.04.17-11.48.24:520][  0]LogAudioMixer: Display: 	Number of Async Source Workers:		  0
[2025.04.17-11.48.24:520][  0]LogAudio: Display: AudioDevice MaxSources: 32
[2025.04.17-11.48.24:520][  0]LogAudio: Display: Audio Spatialization Plugin: None (built-in).
[2025.04.17-11.48.24:520][  0]LogAudio: Display: Audio Reverb Plugin: None (built-in).
[2025.04.17-11.48.24:520][  0]LogAudio: Display: Audio Occlusion Plugin: None (built-in).
[2025.04.17-11.48.24:520][  0]LogAudioMixer: Display: Initializing audio mixer.
[2025.04.17-11.48.24:537][  0]LogAudioMixer: Display: 0: FrontLeft
[2025.04.17-11.48.24:537][  0]LogAudioMixer: Display: 1: FrontRight
[2025.04.17-11.48.25:089][  0]LogAudioMixer: Display: Using Audio Device 耳机 (Realtek(R) Audio)
[2025.04.17-11.48.25:097][  0]LogAudioMixer: Display: Initializing Sound Submixes...
[2025.04.17-11.48.25:101][  0]LogAudioMixer: Display: Creating Master Submix 'MasterSubmixDefault'
[2025.04.17-11.48.25:101][  0]LogAudioMixer: Display: Creating Master Submix 'MasterReverbSubmixDefault'
[2025.04.17-11.48.25:103][  0]LogAudioMixer: Display: Creating Master Submix 'MasterEQSubmixDefault'
[2025.04.17-11.48.25:104][  0]LogAudioMixer: FMixerPlatformXAudio2::StartAudioStream() called
[2025.04.17-11.48.25:104][  0]LogAudioMixer: Display: Output buffers initialized: Frames=1024, Channels=2, Samples=2048
[2025.04.17-11.48.25:105][  0]LogAudioMixer: Display: Starting AudioMixerPlatformInterface::RunInternal()
[2025.04.17-11.48.25:105][  0]LogAudioMixer: Display: FMixerPlatformXAudio2::SubmitBuffer() called for the first time
[2025.04.17-11.48.25:105][  0]LogInit: FAudioDevice initialized.
[2025.04.17-11.48.25:105][  0]LogAudio: Display: Audio Device (ID: 1) registered with world 'Untitled'.
[2025.04.17-11.48.25:106][  0]LogNetVersion: Set ProjectVersion to 1.0.0.0. Version Checksum will be recalculated on next use.
[2025.04.17-11.48.25:184][  0]LogDerivedDataCache: Saved boot cache 0.08s 94MB C:/Users/PC/AppData/Local/UnrealEngine/4.27/DerivedDataCache/Boot.ddc.
[2025.04.17-11.48.25:184][  0]LogInit: Texture streaming: Enabled
[2025.04.17-11.48.25:209][  0]LogAnalytics: Display: [UEEditor.Rocket.Release] APIServer = https://datarouter.ol.epicgames.com/. AppVersion = 4.27.2-18319896+++UE4+Release-4.27
[2025.04.17-11.48.25:218][  0]LogEngineSessionManager: EngineSessionManager initialized
[2025.04.17-11.48.25:218][  0]LogEditorSessionSummary: Verbose: Initializing EditorSessionSummaryWriter for editor session tracking
[2025.04.17-11.48.25:221][  0]LogEditorSessionSummary: EditorSessionSummaryWriter initialized
[2025.04.17-11.48.25:265][  0]LogInit: Transaction tracking system initialized
[2025.04.17-11.48.25:317][  0]BlueprintLog: New page: 编辑器加载
[2025.04.17-11.48.25:446][  0]LocalizationService: 本地化服务已禁用
[2025.04.17-11.48.25:497][  0]TimingProfiler: Initialize
[2025.04.17-11.48.25:497][  0]TimingProfiler: OnSessionChanged
[2025.04.17-11.48.25:497][  0]LoadingProfiler: Initialize
[2025.04.17-11.48.25:497][  0]LoadingProfiler: OnSessionChanged
[2025.04.17-11.48.25:497][  0]NetworkingProfiler: Initialize
[2025.04.17-11.48.25:497][  0]NetworkingProfiler: OnSessionChanged
[2025.04.17-11.48.25:497][  0]MemoryProfiler: Initialize
[2025.04.17-11.48.25:497][  0]MemoryProfiler: OnSessionChanged
[2025.04.17-11.48.25:718][  0]LogCook: Display: CookSettings for Memory: MemoryMaxUsedVirtual 0MiB, MemoryMaxUsedPhysical 16384MiB, MemoryMinFreeVirtual 0MiB, MemoryMinFreePhysical 1024MiB
[2025.04.17-11.48.25:718][  0]LogCook: Display: Mobile HDR setting 1
[2025.04.17-11.48.26:050][  0]LogFileCache: Scanning file cache for directory 'D:/ue/Zhanqi/Content/' took 0.00s
[2025.04.17-11.48.26:298][  0]LogInit: Display: Engine is initialized. Leaving FEngineLoop::Init()
[2025.04.17-11.48.26:303][  0]SourceControl: 源码管理已禁用
[2025.04.17-11.48.26:303][  0]LogUnrealEdMisc: Loading editor; pre map load, took 10.449
[2025.04.17-11.48.26:303][  0]Cmd: MAP LOAD FILE="../../../../../ue/Zhanqi/Content/Maps/L_entry.umap" TEMPLATE=0 SHOWPROGRESS=1 FEATURELEVEL=3
[2025.04.17-11.48.26:304][  0]LightingResults: New page: 光照构建
[2025.04.17-11.48.26:306][  0]LogWorld: UWorld::CleanupWorld for Untitled, bSessionEnded=true, bCleanupResources=true
[2025.04.17-11.48.26:306][  0]LogSlate: InvalidateAllWidgets triggered.  All widgets were invalidated
[2025.04.17-11.48.26:306][  0]MapCheck: New page: 地图检测
[2025.04.17-11.48.26:306][  0]LightingResults: New page: 光照构建
[2025.04.17-11.48.26:310][  0]LogAudio: Display: Audio Device unregistered from world 'None'.
[2025.04.17-11.48.26:313][  0]LogUObjectHash: Compacting FUObjectHashTables data took   0.86ms
[2025.04.17-11.48.26:377][  0]LogAudio: Display: Audio Device (ID: 1) registered with world 'L_entry'.
[2025.04.17-11.48.26:378][  0]LogAIModule: Creating AISystem for world L_entry
[2025.04.17-11.48.26:383][  0]LogEditorServer: Finished looking for orphan Actors (0.000 secs)
[2025.04.17-11.48.26:391][  0]LogUObjectHash: Compacting FUObjectHashTables data took   0.84ms
[2025.04.17-11.48.26:392][  0]Cmd: MAP CHECKDEP NOCLEARLOG
[2025.04.17-11.48.26:392][  0]MapCheck: 地图检测完成：0个错误、0个警告、完成用时0.101毫秒。
[2025.04.17-11.48.26:392][  0]LogFileHelpers: Loading map 'L_entry' took 0.089
[2025.04.17-11.48.26:394][  0]LogUnrealEdMisc: Total Editor Startup Time, took 10.540
[2025.04.17-11.48.26:557][  0]LogSlate: Updating window title bar state: overlay mode, drag disabled, window buttons hidden, title bar hidden
[2025.04.17-11.48.26:565][  0]LogSlate: Updating window title bar state: overlay mode, drag disabled, window buttons hidden, title bar hidden
[2025.04.17-11.48.26:571][  0]LogSlate: Updating window title bar state: overlay mode, drag disabled, window buttons hidden, title bar hidden
[2025.04.17-11.48.26:575][  0]LogSlate: Updating window title bar state: overlay mode, drag disabled, window buttons hidden, title bar hidden
[2025.04.17-11.48.26:608][  0]LogNativeClassHierarchy: Verbose: Native class hierarchy populated in 0.0113 seconds. Added 3822 classes and 928 folders.
[2025.04.17-11.48.26:616][  0]LogNativeClassHierarchy: Verbose: Native class hierarchy updated for 'WidgetCarousel' in 0.0003 seconds. Added 0 classes and 0 folders.
[2025.04.17-11.48.26:641][  0]LogPakFile: PakFile PrimaryIndexSize=187
[2025.04.17-11.48.26:641][  0]LogPakFile: PakFile PathHashIndexSize=101
[2025.04.17-11.48.26:641][  0]LogPakFile: PakFile FullDirectoryIndexSize=148
[2025.04.17-11.48.26:643][  0]LogShaderLibrary: Display: ShaderCodeLibraryPakFileMountedCallback: PakFile 'D:/epic/UE_4.27/FeaturePacks/FP_FirstPerson.upack' (chunk index -1, root 'root:/') mounted
[2025.04.17-11.48.26:643][  0]LogShaderLibrary: Display: ShaderCodeLibraryPakFileMountedCallback: pending pak file info (ChunkID:-1 Root:root:/ File:D:/epic/UE_4.27/FeaturePacks/FP_FirstPerson.upack)
[2025.04.17-11.48.26:643][  0]LogPakFile: OnPakFileMounted2Time == 0.000929
[2025.04.17-11.48.26:660][  0]LogPakFile: PakFile PrimaryIndexSize=189
[2025.04.17-11.48.26:660][  0]LogPakFile: PakFile PathHashIndexSize=101
[2025.04.17-11.48.26:660][  0]LogPakFile: PakFile FullDirectoryIndexSize=152
[2025.04.17-11.48.26:660][  0]LogShaderLibrary: Display: ShaderCodeLibraryPakFileMountedCallback: PakFile 'D:/epic/UE_4.27/FeaturePacks/FP_FirstPersonBP.upack' (chunk index -1, root 'root:/') mounted
[2025.04.17-11.48.26:660][  0]LogShaderLibrary: Display: ShaderCodeLibraryPakFileMountedCallback: pending pak file info (ChunkID:-1 Root:root:/ File:D:/epic/UE_4.27/FeaturePacks/FP_FirstPersonBP.upack)
[2025.04.17-11.48.26:660][  0]LogPakFile: OnPakFileMounted2Time == 0.000058
[2025.04.17-11.48.26:670][  0]LogPakFile: PakFile PrimaryIndexSize=191
[2025.04.17-11.48.26:670][  0]LogPakFile: PakFile PathHashIndexSize=101
[2025.04.17-11.48.26:670][  0]LogPakFile: PakFile FullDirectoryIndexSize=160
[2025.04.17-11.48.26:670][  0]LogShaderLibrary: Display: ShaderCodeLibraryPakFileMountedCallback: PakFile 'D:/epic/UE_4.27/FeaturePacks/MobileStarterContent.upack' (chunk index -1, root 'root:/') mounted
[2025.04.17-11.48.26:670][  0]LogShaderLibrary: Display: ShaderCodeLibraryPakFileMountedCallback: pending pak file info (ChunkID:-1 Root:root:/ File:D:/epic/UE_4.27/FeaturePacks/MobileStarterContent.upack)
[2025.04.17-11.48.26:670][  0]LogPakFile: OnPakFileMounted2Time == 0.000041
[2025.04.17-11.48.26:681][  0]LogPakFile: PakFile PrimaryIndexSize=185
[2025.04.17-11.48.26:681][  0]LogPakFile: PakFile PathHashIndexSize=101
[2025.04.17-11.48.26:681][  0]LogPakFile: PakFile FullDirectoryIndexSize=148
[2025.04.17-11.48.26:681][  0]LogShaderLibrary: Display: ShaderCodeLibraryPakFileMountedCallback: PakFile 'D:/epic/UE_4.27/FeaturePacks/StarterContent.upack' (chunk index -1, root 'root:/') mounted
[2025.04.17-11.48.26:681][  0]LogShaderLibrary: Display: ShaderCodeLibraryPakFileMountedCallback: pending pak file info (ChunkID:-1 Root:root:/ File:D:/epic/UE_4.27/FeaturePacks/StarterContent.upack)
[2025.04.17-11.48.26:681][  0]LogPakFile: OnPakFileMounted2Time == 0.000082
[2025.04.17-11.48.26:693][  0]LogPakFile: PakFile PrimaryIndexSize=190
[2025.04.17-11.48.26:693][  0]LogPakFile: PakFile PathHashIndexSize=101
[2025.04.17-11.48.26:693][  0]LogPakFile: PakFile FullDirectoryIndexSize=154
[2025.04.17-11.48.26:693][  0]LogShaderLibrary: Display: ShaderCodeLibraryPakFileMountedCallback: PakFile 'D:/epic/UE_4.27/FeaturePacks/TP_2DSideScroller.upack' (chunk index -1, root 'root:/') mounted
[2025.04.17-11.48.26:693][  0]LogShaderLibrary: Display: ShaderCodeLibraryPakFileMountedCallback: pending pak file info (ChunkID:-1 Root:root:/ File:D:/epic/UE_4.27/FeaturePacks/TP_2DSideScroller.upack)
[2025.04.17-11.48.26:693][  0]LogPakFile: OnPakFileMounted2Time == 0.000075
[2025.04.17-11.48.26:703][  0]LogPakFile: PakFile PrimaryIndexSize=192
[2025.04.17-11.48.26:703][  0]LogPakFile: PakFile PathHashIndexSize=101
[2025.04.17-11.48.26:703][  0]LogPakFile: PakFile FullDirectoryIndexSize=158
[2025.04.17-11.48.26:703][  0]LogShaderLibrary: Display: ShaderCodeLibraryPakFileMountedCallback: PakFile 'D:/epic/UE_4.27/FeaturePacks/TP_2DSideScrollerBP.upack' (chunk index -1, root 'root:/') mounted
[2025.04.17-11.48.26:703][  0]LogShaderLibrary: Display: ShaderCodeLibraryPakFileMountedCallback: pending pak file info (ChunkID:-1 Root:root:/ File:D:/epic/UE_4.27/FeaturePacks/TP_2DSideScrollerBP.upack)
[2025.04.17-11.48.26:703][  0]LogPakFile: OnPakFileMounted2Time == 0.000044
[2025.04.17-11.48.26:714][  0]LogPakFile: PakFile PrimaryIndexSize=182
[2025.04.17-11.48.26:714][  0]LogPakFile: PakFile PathHashIndexSize=101
[2025.04.17-11.48.26:714][  0]LogPakFile: PakFile FullDirectoryIndexSize=138
[2025.04.17-11.48.26:714][  0]LogShaderLibrary: Display: ShaderCodeLibraryPakFileMountedCallback: PakFile 'D:/epic/UE_4.27/FeaturePacks/TP_Flying.upack' (chunk index -1, root 'root:/') mounted
[2025.04.17-11.48.26:714][  0]LogShaderLibrary: Display: ShaderCodeLibraryPakFileMountedCallback: pending pak file info (ChunkID:-1 Root:root:/ File:D:/epic/UE_4.27/FeaturePacks/TP_Flying.upack)
[2025.04.17-11.48.26:714][  0]LogPakFile: OnPakFileMounted2Time == 0.000084
[2025.04.17-11.48.26:725][  0]LogPakFile: PakFile PrimaryIndexSize=184
[2025.04.17-11.48.26:725][  0]LogPakFile: PakFile PathHashIndexSize=101
[2025.04.17-11.48.26:725][  0]LogPakFile: PakFile FullDirectoryIndexSize=142
[2025.04.17-11.48.26:725][  0]LogShaderLibrary: Display: ShaderCodeLibraryPakFileMountedCallback: PakFile 'D:/epic/UE_4.27/FeaturePacks/TP_FlyingBP.upack' (chunk index -1, root 'root:/') mounted
[2025.04.17-11.48.26:725][  0]LogShaderLibrary: Display: ShaderCodeLibraryPakFileMountedCallback: pending pak file info (ChunkID:-1 Root:root:/ File:D:/epic/UE_4.27/FeaturePacks/TP_FlyingBP.upack)
[2025.04.17-11.48.26:725][  0]LogPakFile: OnPakFileMounted2Time == 0.000055
[2025.04.17-11.48.26:739][  0]LogPakFile: PakFile PrimaryIndexSize=188
[2025.04.17-11.48.26:740][  0]LogPakFile: PakFile PathHashIndexSize=101
[2025.04.17-11.48.26:740][  0]LogPakFile: PakFile FullDirectoryIndexSize=150
[2025.04.17-11.48.26:740][  0]LogShaderLibrary: Display: ShaderCodeLibraryPakFileMountedCallback: PakFile 'D:/epic/UE_4.27/FeaturePacks/TP_HandheldARBP.upack' (chunk index -1, root 'root:/') mounted
[2025.04.17-11.48.26:740][  0]LogShaderLibrary: Display: ShaderCodeLibraryPakFileMountedCallback: pending pak file info (ChunkID:-1 Root:root:/ File:D:/epic/UE_4.27/FeaturePacks/TP_HandheldARBP.upack)
[2025.04.17-11.48.26:740][  0]LogPakFile: OnPakFileMounted2Time == 0.000057
[2025.04.17-11.48.26:751][  0]LogPakFile: PakFile PrimaryIndexSize=182
[2025.04.17-11.48.26:751][  0]LogPakFile: PakFile PathHashIndexSize=101
[2025.04.17-11.48.26:751][  0]LogPakFile: PakFile FullDirectoryIndexSize=138
[2025.04.17-11.48.26:751][  0]LogShaderLibrary: Display: ShaderCodeLibraryPakFileMountedCallback: PakFile 'D:/epic/UE_4.27/FeaturePacks/TP_Puzzle.upack' (chunk index -1, root 'root:/') mounted
[2025.04.17-11.48.26:751][  0]LogShaderLibrary: Display: ShaderCodeLibraryPakFileMountedCallback: pending pak file info (ChunkID:-1 Root:root:/ File:D:/epic/UE_4.27/FeaturePacks/TP_Puzzle.upack)
[2025.04.17-11.48.26:751][  0]LogPakFile: OnPakFileMounted2Time == 0.000053
[2025.04.17-11.48.26:761][  0]LogPakFile: PakFile PrimaryIndexSize=184
[2025.04.17-11.48.26:761][  0]LogPakFile: PakFile PathHashIndexSize=101
[2025.04.17-11.48.26:761][  0]LogPakFile: PakFile FullDirectoryIndexSize=142
[2025.04.17-11.48.26:761][  0]LogShaderLibrary: Display: ShaderCodeLibraryPakFileMountedCallback: PakFile 'D:/epic/UE_4.27/FeaturePacks/TP_PuzzleBP.upack' (chunk index -1, root 'root:/') mounted
[2025.04.17-11.48.26:761][  0]LogShaderLibrary: Display: ShaderCodeLibraryPakFileMountedCallback: pending pak file info (ChunkID:-1 Root:root:/ File:D:/epic/UE_4.27/FeaturePacks/TP_PuzzleBP.upack)
[2025.04.17-11.48.26:761][  0]LogPakFile: OnPakFileMounted2Time == 0.000043
[2025.04.17-11.48.26:772][  0]LogPakFile: PakFile PrimaryIndexSize=183
[2025.04.17-11.48.26:772][  0]LogPakFile: PakFile PathHashIndexSize=101
[2025.04.17-11.48.26:772][  0]LogPakFile: PakFile FullDirectoryIndexSize=140
[2025.04.17-11.48.26:772][  0]LogShaderLibrary: Display: ShaderCodeLibraryPakFileMountedCallback: PakFile 'D:/epic/UE_4.27/FeaturePacks/TP_Rolling.upack' (chunk index -1, root 'root:/') mounted
[2025.04.17-11.48.26:772][  0]LogShaderLibrary: Display: ShaderCodeLibraryPakFileMountedCallback: pending pak file info (ChunkID:-1 Root:root:/ File:D:/epic/UE_4.27/FeaturePacks/TP_Rolling.upack)
[2025.04.17-11.48.26:772][  0]LogPakFile: OnPakFileMounted2Time == 0.000064
[2025.04.17-11.48.26:783][  0]LogPakFile: PakFile PrimaryIndexSize=185
[2025.04.17-11.48.26:783][  0]LogPakFile: PakFile PathHashIndexSize=101
[2025.04.17-11.48.26:783][  0]LogPakFile: PakFile FullDirectoryIndexSize=144
[2025.04.17-11.48.26:783][  0]LogShaderLibrary: Display: ShaderCodeLibraryPakFileMountedCallback: PakFile 'D:/epic/UE_4.27/FeaturePacks/TP_RollingBP.upack' (chunk index -1, root 'root:/') mounted
[2025.04.17-11.48.26:783][  0]LogShaderLibrary: Display: ShaderCodeLibraryPakFileMountedCallback: pending pak file info (ChunkID:-1 Root:root:/ File:D:/epic/UE_4.27/FeaturePacks/TP_RollingBP.upack)
[2025.04.17-11.48.26:783][  0]LogPakFile: OnPakFileMounted2Time == 0.000075
[2025.04.17-11.48.26:793][  0]LogPakFile: PakFile PrimaryIndexSize=188
[2025.04.17-11.48.26:793][  0]LogPakFile: PakFile PathHashIndexSize=101
[2025.04.17-11.48.26:793][  0]LogPakFile: PakFile FullDirectoryIndexSize=150
[2025.04.17-11.48.26:793][  0]LogShaderLibrary: Display: ShaderCodeLibraryPakFileMountedCallback: PakFile 'D:/epic/UE_4.27/FeaturePacks/TP_SideScroller.upack' (chunk index -1, root 'root:/') mounted
[2025.04.17-11.48.26:793][  0]LogShaderLibrary: Display: ShaderCodeLibraryPakFileMountedCallback: pending pak file info (ChunkID:-1 Root:root:/ File:D:/epic/UE_4.27/FeaturePacks/TP_SideScroller.upack)
[2025.04.17-11.48.26:793][  0]LogPakFile: OnPakFileMounted2Time == 0.000063
[2025.04.17-11.48.26:804][  0]LogPakFile: PakFile PrimaryIndexSize=190
[2025.04.17-11.48.26:804][  0]LogPakFile: PakFile PathHashIndexSize=101
[2025.04.17-11.48.26:804][  0]LogPakFile: PakFile FullDirectoryIndexSize=154
[2025.04.17-11.48.26:804][  0]LogShaderLibrary: Display: ShaderCodeLibraryPakFileMountedCallback: PakFile 'D:/epic/UE_4.27/FeaturePacks/TP_SideScrollerBP.upack' (chunk index -1, root 'root:/') mounted
[2025.04.17-11.48.26:804][  0]LogShaderLibrary: Display: ShaderCodeLibraryPakFileMountedCallback: pending pak file info (ChunkID:-1 Root:root:/ File:D:/epic/UE_4.27/FeaturePacks/TP_SideScrollerBP.upack)
[2025.04.17-11.48.26:804][  0]LogPakFile: OnPakFileMounted2Time == 0.000042
[2025.04.17-11.48.26:814][  0]LogPakFile: PakFile PrimaryIndexSize=187
[2025.04.17-11.48.26:814][  0]LogPakFile: PakFile PathHashIndexSize=101
[2025.04.17-11.48.26:814][  0]LogPakFile: PakFile FullDirectoryIndexSize=148
[2025.04.17-11.48.26:814][  0]LogShaderLibrary: Display: ShaderCodeLibraryPakFileMountedCallback: PakFile 'D:/epic/UE_4.27/FeaturePacks/TP_ThirdPerson.upack' (chunk index -1, root 'root:/') mounted
[2025.04.17-11.48.26:814][  0]LogShaderLibrary: Display: ShaderCodeLibraryPakFileMountedCallback: pending pak file info (ChunkID:-1 Root:root:/ File:D:/epic/UE_4.27/FeaturePacks/TP_ThirdPerson.upack)
[2025.04.17-11.48.26:814][  0]LogPakFile: OnPakFileMounted2Time == 0.000041
[2025.04.17-11.48.26:823][  0]LogPakFile: PakFile PrimaryIndexSize=189
[2025.04.17-11.48.26:823][  0]LogPakFile: PakFile PathHashIndexSize=101
[2025.04.17-11.48.26:823][  0]LogPakFile: PakFile FullDirectoryIndexSize=152
[2025.04.17-11.48.26:823][  0]LogShaderLibrary: Display: ShaderCodeLibraryPakFileMountedCallback: PakFile 'D:/epic/UE_4.27/FeaturePacks/TP_ThirdPersonBP.upack' (chunk index -1, root 'root:/') mounted
[2025.04.17-11.48.26:823][  0]LogShaderLibrary: Display: ShaderCodeLibraryPakFileMountedCallback: pending pak file info (ChunkID:-1 Root:root:/ File:D:/epic/UE_4.27/FeaturePacks/TP_ThirdPersonBP.upack)
[2025.04.17-11.48.26:823][  0]LogPakFile: OnPakFileMounted2Time == 0.000040
[2025.04.17-11.48.26:834][  0]LogPakFile: PakFile PrimaryIndexSize=183
[2025.04.17-11.48.26:834][  0]LogPakFile: PakFile PathHashIndexSize=101
[2025.04.17-11.48.26:834][  0]LogPakFile: PakFile FullDirectoryIndexSize=140
[2025.04.17-11.48.26:834][  0]LogShaderLibrary: Display: ShaderCodeLibraryPakFileMountedCallback: PakFile 'D:/epic/UE_4.27/FeaturePacks/TP_TopDown.upack' (chunk index -1, root 'root:/') mounted
[2025.04.17-11.48.26:834][  0]LogShaderLibrary: Display: ShaderCodeLibraryPakFileMountedCallback: pending pak file info (ChunkID:-1 Root:root:/ File:D:/epic/UE_4.27/FeaturePacks/TP_TopDown.upack)
[2025.04.17-11.48.26:834][  0]LogPakFile: OnPakFileMounted2Time == 0.000080
[2025.04.17-11.48.26:844][  0]LogPakFile: PakFile PrimaryIndexSize=185
[2025.04.17-11.48.26:844][  0]LogPakFile: PakFile PathHashIndexSize=101
[2025.04.17-11.48.26:844][  0]LogPakFile: PakFile FullDirectoryIndexSize=144
[2025.04.17-11.48.26:844][  0]LogShaderLibrary: Display: ShaderCodeLibraryPakFileMountedCallback: PakFile 'D:/epic/UE_4.27/FeaturePacks/TP_TopDownBP.upack' (chunk index -1, root 'root:/') mounted
[2025.04.17-11.48.26:844][  0]LogShaderLibrary: Display: ShaderCodeLibraryPakFileMountedCallback: pending pak file info (ChunkID:-1 Root:root:/ File:D:/epic/UE_4.27/FeaturePacks/TP_TopDownBP.upack)
[2025.04.17-11.48.26:844][  0]LogPakFile: OnPakFileMounted2Time == 0.000046
[2025.04.17-11.48.26:857][  0]LogPakFile: PakFile PrimaryIndexSize=185
[2025.04.17-11.48.26:857][  0]LogPakFile: PakFile PathHashIndexSize=101
[2025.04.17-11.48.26:857][  0]LogPakFile: PakFile FullDirectoryIndexSize=144
[2025.04.17-11.48.26:857][  0]LogShaderLibrary: Display: ShaderCodeLibraryPakFileMountedCallback: PakFile 'D:/epic/UE_4.27/FeaturePacks/TP_TwinStick.upack' (chunk index -1, root 'root:/') mounted
[2025.04.17-11.48.26:857][  0]LogShaderLibrary: Display: ShaderCodeLibraryPakFileMountedCallback: pending pak file info (ChunkID:-1 Root:root:/ File:D:/epic/UE_4.27/FeaturePacks/TP_TwinStick.upack)
[2025.04.17-11.48.26:857][  0]LogPakFile: OnPakFileMounted2Time == 0.000053
[2025.04.17-11.48.26:868][  0]LogPakFile: PakFile PrimaryIndexSize=187
[2025.04.17-11.48.26:868][  0]LogPakFile: PakFile PathHashIndexSize=101
[2025.04.17-11.48.26:868][  0]LogPakFile: PakFile FullDirectoryIndexSize=148
[2025.04.17-11.48.26:868][  0]LogShaderLibrary: Display: ShaderCodeLibraryPakFileMountedCallback: PakFile 'D:/epic/UE_4.27/FeaturePacks/TP_TwinStickBP.upack' (chunk index -1, root 'root:/') mounted
[2025.04.17-11.48.26:868][  0]LogShaderLibrary: Display: ShaderCodeLibraryPakFileMountedCallback: pending pak file info (ChunkID:-1 Root:root:/ File:D:/epic/UE_4.27/FeaturePacks/TP_TwinStickBP.upack)
[2025.04.17-11.48.26:868][  0]LogPakFile: OnPakFileMounted2Time == 0.000079
[2025.04.17-11.48.26:878][  0]LogPakFile: PakFile PrimaryIndexSize=183
[2025.04.17-11.48.26:878][  0]LogPakFile: PakFile PathHashIndexSize=101
[2025.04.17-11.48.26:878][  0]LogPakFile: PakFile FullDirectoryIndexSize=140
[2025.04.17-11.48.26:878][  0]LogShaderLibrary: Display: ShaderCodeLibraryPakFileMountedCallback: PakFile 'D:/epic/UE_4.27/FeaturePacks/TP_Vehicle.upack' (chunk index -1, root 'root:/') mounted
[2025.04.17-11.48.26:878][  0]LogShaderLibrary: Display: ShaderCodeLibraryPakFileMountedCallback: pending pak file info (ChunkID:-1 Root:root:/ File:D:/epic/UE_4.27/FeaturePacks/TP_Vehicle.upack)
[2025.04.17-11.48.26:878][  0]LogPakFile: OnPakFileMounted2Time == 0.000049
[2025.04.17-11.48.26:888][  0]LogPakFile: PakFile PrimaryIndexSize=186
[2025.04.17-11.48.26:888][  0]LogPakFile: PakFile PathHashIndexSize=101
[2025.04.17-11.48.26:888][  0]LogPakFile: PakFile FullDirectoryIndexSize=146
[2025.04.17-11.48.26:888][  0]LogShaderLibrary: Display: ShaderCodeLibraryPakFileMountedCallback: PakFile 'D:/epic/UE_4.27/FeaturePacks/TP_VehicleAdv.upack' (chunk index -1, root 'root:/') mounted
[2025.04.17-11.48.26:888][  0]LogShaderLibrary: Display: ShaderCodeLibraryPakFileMountedCallback: pending pak file info (ChunkID:-1 Root:root:/ File:D:/epic/UE_4.27/FeaturePacks/TP_VehicleAdv.upack)
[2025.04.17-11.48.26:888][  0]LogPakFile: OnPakFileMounted2Time == 0.000050
[2025.04.17-11.48.26:899][  0]LogPakFile: PakFile PrimaryIndexSize=188
[2025.04.17-11.48.26:899][  0]LogPakFile: PakFile PathHashIndexSize=101
[2025.04.17-11.48.26:899][  0]LogPakFile: PakFile FullDirectoryIndexSize=150
[2025.04.17-11.48.26:899][  0]LogShaderLibrary: Display: ShaderCodeLibraryPakFileMountedCallback: PakFile 'D:/epic/UE_4.27/FeaturePacks/TP_VehicleAdvBP.upack' (chunk index -1, root 'root:/') mounted
[2025.04.17-11.48.26:899][  0]LogShaderLibrary: Display: ShaderCodeLibraryPakFileMountedCallback: pending pak file info (ChunkID:-1 Root:root:/ File:D:/epic/UE_4.27/FeaturePacks/TP_VehicleAdvBP.upack)
[2025.04.17-11.48.26:899][  0]LogPakFile: OnPakFileMounted2Time == 0.000063
[2025.04.17-11.48.26:910][  0]LogPakFile: PakFile PrimaryIndexSize=185
[2025.04.17-11.48.26:910][  0]LogPakFile: PakFile PathHashIndexSize=101
[2025.04.17-11.48.26:910][  0]LogPakFile: PakFile FullDirectoryIndexSize=144
[2025.04.17-11.48.26:910][  0]LogShaderLibrary: Display: ShaderCodeLibraryPakFileMountedCallback: PakFile 'D:/epic/UE_4.27/FeaturePacks/TP_VehicleBP.upack' (chunk index -1, root 'root:/') mounted
[2025.04.17-11.48.26:910][  0]LogShaderLibrary: Display: ShaderCodeLibraryPakFileMountedCallback: pending pak file info (ChunkID:-1 Root:root:/ File:D:/epic/UE_4.27/FeaturePacks/TP_VehicleBP.upack)
[2025.04.17-11.48.26:910][  0]LogPakFile: OnPakFileMounted2Time == 0.000075
[2025.04.17-11.48.26:921][  0]LogPakFile: PakFile PrimaryIndexSize=192
[2025.04.17-11.48.26:921][  0]LogPakFile: PakFile PathHashIndexSize=101
[2025.04.17-11.48.26:921][  0]LogPakFile: PakFile FullDirectoryIndexSize=158
[2025.04.17-11.48.26:921][  0]LogShaderLibrary: Display: ShaderCodeLibraryPakFileMountedCallback: PakFile 'D:/epic/UE_4.27/FeaturePacks/TP_VirtualRealityBP.upack' (chunk index -1, root 'root:/') mounted
[2025.04.17-11.48.26:921][  0]LogShaderLibrary: Display: ShaderCodeLibraryPakFileMountedCallback: pending pak file info (ChunkID:-1 Root:root:/ File:D:/epic/UE_4.27/FeaturePacks/TP_VirtualRealityBP.upack)
[2025.04.17-11.48.26:921][  0]LogPakFile: OnPakFileMounted2Time == 0.000059
[2025.04.17-11.48.27:059][  0]LogNativeClassHierarchy: Verbose: Native class hierarchy updated for 'AddContentDialog' in 0.0004 seconds. Added 0 classes and 0 folders.
[2025.04.17-11.48.27:063][  0]LogNativeClassHierarchy: Verbose: Native class hierarchy updated for 'SceneOutliner' in 0.0004 seconds. Added 2 classes and 0 folders.
[2025.04.17-11.48.27:119][  0]LogSlate: Took 0.000979 seconds to synchronously load lazily loaded font '../../../Engine/Content/Slate/Fonts/Roboto-Regular.ttf' (155K)
[2025.04.17-11.48.27:121][  0]LogSlate: Took 0.000851 seconds to synchronously load lazily loaded font '../../../Engine/Content/Editor/Slate/Fonts/FontAwesome.ttf' (139K)
[2025.04.17-11.48.27:127][  0]LogSlate: Took 0.004656 seconds to synchronously load lazily loaded font '../../../Engine/Content/Slate/Fonts/DroidSansFallback.ttf' (3848K)
[2025.04.17-11.48.27:129][  0]LogSlate: Took 0.000560 seconds to synchronously load lazily loaded font '../../../Engine/Content/Slate/Fonts/Roboto-Bold.ttf' (160K)
[2025.04.17-11.48.27:215][  0]LogRenderer: Reallocating scene render targets to support 992x488 Format 10 NumSamples 1 (Frame:1).
[2025.04.17-11.48.27:374][  0]LogNativeClassHierarchy: Verbose: Native class hierarchy updated for 'HierarchicalLODOutliner' in 0.0003 seconds. Added 0 classes and 0 folders.
[2025.04.17-11.48.27:374][  0]LogLoad: (Engine Initialization) Total time: 11.52 seconds
[2025.04.17-11.48.27:374][  0]LogLoad: (Engine Initialization) Total Blueprint compile time: 0.00 seconds
[2025.04.17-11.48.27:433][  0]LogAssetRegistry: Asset discovery search completed in 6.9874 seconds
[2025.04.17-11.48.27:442][  0]LogCollectionManager: Fixed up redirectors for 0 collections in 0.000005 seconds (updated 0 objects)
[2025.04.17-11.48.27:442][  0]LogContentStreaming: Texture pool size now 1000 MB
[2025.04.17-11.48.28:756][  4]LogSlate: Took 0.013203 seconds to synchronously load lazily loaded font '../../../Engine/Content/Slate/Fonts/Roboto-Light.ttf' (167K)
[2025.04.17-11.48.37:158][444]LogAssetEditorSubsystem: Opening Asset editor for Blueprint /Game/BluePrint/Core/Player/BP_Pawn.BP_Pawn
[2025.04.17-11.48.37:188][444]LogWindowsTextInputMethodSystem: Display: IME system activated using TSF (微软拼音).
[2025.04.17-11.48.37:491][444]LogNativeClassHierarchy: Verbose: Native class hierarchy updated for 'BlueprintGraph' in 0.0009 seconds. Added 126 classes and 0 folders.
[2025.04.17-11.48.38:735][444]LogSlate: Took 0.000628 seconds to synchronously load lazily loaded font '../../../Engine/Content/Slate/Fonts/Roboto-BoldCondensed.ttf' (158K)
[2025.04.17-11.48.40:240][525]LogSlate: Took 0.013479 seconds to synchronously load lazily loaded font '../../../Engine/Content/Slate/Fonts/Roboto-Italic.ttf' (157K)
[2025.04.17-11.53.13:223][789]LogRenderer: Reallocating scene render targets to support 1016x696 Format 10 NumSamples 1 (Frame:74).
[2025.04.17-11.54.21:292][800]Cmd: OBJ SAVEPACKAGE PACKAGE="/Game/BluePrint/Core/Player/BP_Pawn" FILE="../../../../../ue/Zhanqi/Content/BluePrint/Core/Player/BP_Pawn.uasset" SILENT=true
[2025.04.17-11.54.21:304][800]LogSavePackage: Moving '../../../../../ue/Zhanqi/Saved/BP_Pawn62622F874E9DC69768409CB481D6A53C.tmp' to '../../../../../ue/Zhanqi/Content/BluePrint/Core/Player/BP_Pawn.uasset'
[2025.04.17-11.54.21:346][800]AssetCheck: New page: 资产保存：BP_Pawn
[2025.04.17-11.54.21:346][800]LogContentValidation: Display: 正在验证Blueprint /Game/BluePrint/Core/Player/BP_Pawn.BP_Pawn
